TN:
SF:app.js
FN:34,getAllowedOrigins
FN:43,(anonymous_1)
FN:47,buildCorsOptions
FN:52,(anonymous_3)
FN:67,startCluster
FN:78,(anonymous_5)
FN:82,(anonymous_6)
FN:95,createApp
FN:105,(anonymous_8)
FN:106,(anonymous_9)
FN:115,(anonymous_10)
FN:132,(anonymous_11)
FN:149,(anonymous_12)
FN:168,(anonymous_13)
FN:177,(anonymous_14)
FN:187,(anonymous_15)
FN:196,(anonymous_16)
FN:201,(anonymous_17)
FN:230,(anonymous_18)
FN:235,(anonymous_19)
FN:236,(anonymous_20)
FN:247,(anonymous_21)
FN:259,(anonymous_22)
FN:262,(anonymous_23)
FN:265,(anonymous_24)
FNF:25
FNH:6
FNDA:2,getAllowedOrigins
FNDA:0,(anonymous_1)
FNDA:2,buildCorsOptions
FNDA:10,(anonymous_3)
FNDA:0,startCluster
FNDA:0,(anonymous_5)
FNDA:0,(anonymous_6)
FNDA:2,createApp
FNDA:10,(anonymous_8)
FNDA:0,(anonymous_9)
FNDA:10,(anonymous_10)
FNDA:0,(anonymous_11)
FNDA:0,(anonymous_12)
FNDA:0,(anonymous_13)
FNDA:0,(anonymous_14)
FNDA:0,(anonymous_15)
FNDA:0,(anonymous_16)
FNDA:0,(anonymous_17)
FNDA:0,(anonymous_18)
FNDA:0,(anonymous_19)
FNDA:0,(anonymous_20)
FNDA:0,(anonymous_21)
FNDA:0,(anonymous_22)
FNDA:0,(anonymous_23)
FNDA:0,(anonymous_24)
DA:1,2
DA:3,2
DA:4,2
DA:5,2
DA:6,2
DA:7,2
DA:9,2
DA:10,2
DA:11,2
DA:12,2
DA:14,2
DA:15,2
DA:16,2
DA:17,2
DA:18,2
DA:19,2
DA:20,2
DA:21,2
DA:22,2
DA:24,2
DA:25,2
DA:26,2
DA:27,2
DA:28,2
DA:29,2
DA:30,2
DA:31,2
DA:32,2
DA:35,2
DA:37,2
DA:38,2
DA:41,0
DA:43,0
DA:48,2
DA:49,2
DA:51,2
DA:53,10
DA:54,10
DA:55,10
DA:58,0
DA:68,0
DA:69,0
DA:72,0
DA:74,0
DA:75,0
DA:78,0
DA:79,0
DA:82,0
DA:83,0
DA:88,0
DA:91,0
DA:96,2
DA:98,2
DA:99,2
DA:100,2
DA:101,2
DA:102,2
DA:103,2
DA:105,2
DA:106,10
DA:107,0
DA:108,0
DA:112,10
DA:114,10
DA:115,10
DA:116,10
DA:119,10
DA:122,2
DA:123,2
DA:124,2
DA:125,2
DA:126,2
DA:127,2
DA:128,2
DA:129,2
DA:130,2
DA:132,2
DA:133,0
DA:134,0
DA:135,0
DA:141,0
DA:142,0
DA:149,2
DA:150,0
DA:151,0
DA:152,0
DA:153,0
DA:160,0
DA:161,0
DA:168,2
DA:169,0
DA:170,0
DA:172,0
DA:173,0
DA:177,2
DA:178,0
DA:179,0
DA:180,0
DA:182,0
DA:183,0
DA:187,2
DA:188,0
DA:189,0
DA:191,0
DA:192,0
DA:196,2
DA:197,0
DA:201,2
DA:202,0
DA:209,0
DA:210,0
DA:211,0
DA:214,0
DA:220,2
DA:224,2
DA:225,0
DA:228,0
DA:230,0
DA:231,0
DA:234,0
DA:235,0
DA:236,0
DA:238,0
DA:239,0
DA:241,0
DA:245,0
DA:246,0
DA:247,0
DA:248,0
DA:249,0
DA:251,0
DA:255,0
DA:259,0
DA:260,0
DA:262,0
DA:265,0
DA:266,0
DA:267,0
DA:269,0
DA:275,2
LF:140
LH:70
BRDA:24,0,0,2
BRDA:24,0,1,0
BRDA:25,1,0,2
BRDA:25,1,1,2
BRDA:26,2,0,2
BRDA:26,2,1,2
BRDA:27,3,0,2
BRDA:27,3,1,2
BRDA:28,4,0,2
BRDA:28,4,1,2
BRDA:29,5,0,2
BRDA:29,5,1,2
BRDA:31,6,0,2
BRDA:31,6,1,0
BRDA:32,7,0,2
BRDA:32,7,1,0
BRDA:35,8,0,2
BRDA:35,8,1,2
BRDA:37,9,0,2
BRDA:37,9,1,0
BRDA:37,10,0,2
BRDA:37,10,1,0
BRDA:53,11,0,10
BRDA:53,11,1,0
BRDA:53,12,0,10
BRDA:53,12,1,0
BRDA:53,12,2,0
BRDA:68,13,0,0
BRDA:68,13,1,0
BRDA:68,14,0,0
BRDA:68,14,1,0
BRDA:107,15,0,0
BRDA:107,15,1,0
BRDA:116,16,0,7
BRDA:116,16,1,3
BRDA:179,17,0,0
BRDA:179,17,1,0
BRDA:209,18,0,0
BRDA:209,18,1,0
BRDA:214,19,0,0
BRDA:214,19,1,0
BRDA:216,20,0,0
BRDA:216,20,1,0
BRDA:224,21,0,0
BRDA:224,21,1,2
BRDA:224,22,0,2
BRDA:224,22,1,0
BRDA:236,23,0,0
BRDA:236,23,1,0
BRDA:267,24,0,0
BRDA:267,24,1,0
BRDA:267,24,2,0
BRDA:269,25,0,0
BRDA:269,25,1,0
BRF:54
BRH:23
end_of_record
TN:
SF:database\connectionManager.js
FN:6,(anonymous_0)
FN:29,(anonymous_1)
FN:39,(anonymous_2)
FN:102,(anonymous_3)
FN:107,(anonymous_4)
FN:136,(anonymous_5)
FN:141,(anonymous_6)
FN:156,(anonymous_7)
FN:157,(anonymous_8)
FN:163,(anonymous_9)
FN:174,(anonymous_10)
FN:187,(anonymous_11)
FN:203,(anonymous_12)
FN:221,(anonymous_13)
FN:248,(anonymous_14)
FN:304,(anonymous_15)
FN:311,(anonymous_16)
FN:339,(anonymous_17)
FN:364,(anonymous_18)
FN:372,(anonymous_19)
FNF:20
FNH:1
FNDA:2,(anonymous_0)
FNDA:0,(anonymous_1)
FNDA:0,(anonymous_2)
FNDA:0,(anonymous_3)
FNDA:0,(anonymous_4)
FNDA:0,(anonymous_5)
FNDA:0,(anonymous_6)
FNDA:0,(anonymous_7)
FNDA:0,(anonymous_8)
FNDA:0,(anonymous_9)
FNDA:0,(anonymous_10)
FNDA:0,(anonymous_11)
FNDA:0,(anonymous_12)
FNDA:0,(anonymous_13)
FNDA:0,(anonymous_14)
FNDA:0,(anonymous_15)
FNDA:0,(anonymous_16)
FNDA:0,(anonymous_17)
FNDA:0,(anonymous_18)
FNDA:0,(anonymous_19)
DA:1,2
DA:2,2
DA:3,2
DA:7,2
DA:8,2
DA:9,2
DA:10,2
DA:11,2
DA:12,2
DA:13,2
DA:14,2
DA:15,2
DA:16,2
DA:26,2
DA:30,0
DA:31,0
DA:32,0
DA:35,0
DA:36,0
DA:39,0
DA:40,0
DA:41,0
DA:43,0
DA:66,0
DA:68,0
DA:69,0
DA:71,0
DA:72,0
DA:74,0
DA:75,0
DA:76,0
DA:78,0
DA:80,0
DA:81,0
DA:82,0
DA:84,0
DA:86,0
DA:91,0
DA:92,0
DA:93,0
DA:95,0
DA:99,0
DA:103,0
DA:104,0
DA:107,0
DA:108,0
DA:109,0
DA:110,0
DA:111,0
DA:112,0
DA:114,0
DA:115,0
DA:119,0
DA:120,0
DA:121,0
DA:122,0
DA:124,0
DA:125,0
DA:126,0
DA:128,0
DA:133,0
DA:137,0
DA:138,0
DA:141,0
DA:142,0
DA:143,0
DA:144,0
DA:145,0
DA:146,0
DA:149,0
DA:153,0
DA:157,0
DA:158,0
DA:159,0
DA:164,0
DA:165,0
DA:166,0
DA:168,0
DA:169,0
DA:170,0
DA:175,0
DA:176,0
DA:177,0
DA:180,0
DA:181,0
DA:183,0
DA:185,0
DA:187,0
DA:189,0
DA:190,0
DA:191,0
DA:193,0
DA:194,0
DA:195,0
DA:196,0
DA:198,0
DA:199,0
DA:204,0
DA:206,0
DA:207,0
DA:208,0
DA:209,0
DA:210,0
DA:211,0
DA:213,0
DA:214,0
DA:218,0
DA:222,0
DA:223,0
DA:224,0
DA:226,0
DA:227,0
DA:231,0
DA:232,0
DA:235,0
DA:236,0
DA:237,0
DA:238,0
DA:240,0
DA:241,0
DA:243,0
DA:244,0
DA:245,0
DA:248,0
DA:249,0
DA:251,0
DA:252,0
DA:259,0
DA:261,0
DA:262,0
DA:263,0
DA:265,0
DA:271,0
DA:282,0
DA:283,0
DA:284,0
DA:286,0
DA:287,0
DA:288,0
DA:290,0
DA:291,0
DA:292,0
DA:295,0
DA:296,0
DA:301,0
DA:304,0
DA:308,0
DA:312,0
DA:313,0
DA:320,0
DA:321,0
DA:322,0
DA:324,0
DA:331,0
DA:340,0
DA:341,0
DA:344,0
DA:345,0
DA:346,0
DA:347,0
DA:348,0
DA:350,0
DA:359,0
DA:360,0
DA:365,0
DA:373,0
DA:374,0
DA:377,0
DA:379,0
DA:380,0
DA:381,0
DA:382,0
DA:383,0
DA:385,0
DA:386,0
DA:387,0
DA:389,0
DA:394,2
LF:178
LH:15
BRDA:30,0,0,0
BRDA:30,0,1,0
BRDA:30,1,0,0
BRDA:30,1,1,0
BRDA:35,2,0,0
BRDA:35,2,1,0
BRDA:44,3,0,0
BRDA:44,3,1,0
BRDA:45,4,0,0
BRDA:45,4,1,0
BRDA:46,5,0,0
BRDA:46,5,1,0
BRDA:47,6,0,0
BRDA:47,6,1,0
BRDA:48,7,0,0
BRDA:48,7,1,0
BRDA:103,8,0,0
BRDA:103,8,1,0
BRDA:109,9,0,0
BRDA:109,9,1,0
BRDA:109,10,0,0
BRDA:109,10,1,0
BRDA:114,11,0,0
BRDA:114,11,1,0
BRDA:137,12,0,0
BRDA:137,12,1,0
BRDA:144,13,0,0
BRDA:144,13,1,0
BRDA:164,14,0,0
BRDA:164,14,1,0
BRDA:168,15,0,0
BRDA:168,15,1,0
BRDA:175,16,0,0
BRDA:175,16,1,0
BRDA:190,17,0,0
BRDA:190,17,1,0
BRDA:206,18,0,0
BRDA:206,18,1,0
BRDA:221,19,0,0
BRDA:221,20,0,0
BRDA:222,21,0,0
BRDA:222,21,1,0
BRDA:244,22,0,0
BRDA:244,22,1,0
BRDA:251,23,0,0
BRDA:251,23,1,0
BRDA:282,24,0,0
BRDA:282,24,1,0
BRDA:291,25,0,0
BRDA:291,25,1,0
BRDA:295,26,0,0
BRDA:295,26,1,0
BRDA:312,27,0,0
BRDA:312,27,1,0
BRDA:312,28,0,0
BRDA:312,28,1,0
BRDA:340,29,0,0
BRDA:340,29,1,0
BRDA:351,30,0,0
BRDA:351,30,1,0
BRDA:352,31,0,0
BRDA:352,31,1,0
BRDA:354,32,0,0
BRDA:354,32,1,0
BRDA:355,33,0,0
BRDA:355,33,1,0
BRDA:373,34,0,0
BRDA:373,34,1,0
BRDA:373,35,0,0
BRDA:373,35,1,0
BRF:70
BRH:0
end_of_record
TN:
SF:routes\admin.js
FN:9,(anonymous_0)
FN:19,(anonymous_1)
FN:25,(anonymous_2)
FN:31,(anonymous_3)
FN:49,(anonymous_4)
FN:70,(anonymous_5)
FN:86,(anonymous_6)
FN:110,(anonymous_7)
FN:134,(anonymous_8)
FN:149,(anonymous_9)
FN:152,(anonymous_10)
FN:163,(anonymous_11)
FN:185,(anonymous_12)
FN:206,(anonymous_13)
FN:219,(anonymous_14)
FN:226,(anonymous_15)
FN:240,(anonymous_16)
FN:266,(anonymous_17)
FN:290,(anonymous_18)
FN:303,(anonymous_19)
FN:308,(anonymous_20)
FN:318,(anonymous_21)
FN:337,(anonymous_22)
FN:350,(anonymous_23)
FN:355,(anonymous_24)
FN:365,(anonymous_25)
FN:389,(anonymous_26)
FN:402,(anonymous_27)
FN:407,(anonymous_28)
FN:417,(anonymous_29)
FN:436,(anonymous_30)
FN:449,(anonymous_31)
FN:454,(anonymous_32)
FN:464,(anonymous_33)
FN:483,(anonymous_34)
FN:496,(anonymous_35)
FN:503,(anonymous_36)
FN:513,(anonymous_37)
FN:547,(anonymous_38)
FN:552,(anonymous_39)
FN:568,(anonymous_40)
FN:595,(anonymous_41)
FN:621,(anonymous_42)
FN:634,(anonymous_43)
FN:639,(anonymous_44)
FN:659,(anonymous_45)
FNF:46
FNH:0
FNDA:0,(anonymous_0)
FNDA:0,(anonymous_1)
FNDA:0,(anonymous_2)
FNDA:0,(anonymous_3)
FNDA:0,(anonymous_4)
FNDA:0,(anonymous_5)
FNDA:0,(anonymous_6)
FNDA:0,(anonymous_7)
FNDA:0,(anonymous_8)
FNDA:0,(anonymous_9)
FNDA:0,(anonymous_10)
FNDA:0,(anonymous_11)
FNDA:0,(anonymous_12)
FNDA:0,(anonymous_13)
FNDA:0,(anonymous_14)
FNDA:0,(anonymous_15)
FNDA:0,(anonymous_16)
FNDA:0,(anonymous_17)
FNDA:0,(anonymous_18)
FNDA:0,(anonymous_19)
FNDA:0,(anonymous_20)
FNDA:0,(anonymous_21)
FNDA:0,(anonymous_22)
FNDA:0,(anonymous_23)
FNDA:0,(anonymous_24)
FNDA:0,(anonymous_25)
FNDA:0,(anonymous_26)
FNDA:0,(anonymous_27)
FNDA:0,(anonymous_28)
FNDA:0,(anonymous_29)
FNDA:0,(anonymous_30)
FNDA:0,(anonymous_31)
FNDA:0,(anonymous_32)
FNDA:0,(anonymous_33)
FNDA:0,(anonymous_34)
FNDA:0,(anonymous_35)
FNDA:0,(anonymous_36)
FNDA:0,(anonymous_37)
FNDA:0,(anonymous_38)
FNDA:0,(anonymous_39)
FNDA:0,(anonymous_40)
FNDA:0,(anonymous_41)
FNDA:0,(anonymous_42)
FNDA:0,(anonymous_43)
FNDA:0,(anonymous_44)
FNDA:0,(anonymous_45)
DA:1,2
DA:2,2
DA:3,2
DA:4,2
DA:5,2
DA:7,2
DA:9,2
DA:10,0
DA:11,0
DA:12,0
DA:14,0
DA:15,0
DA:19,2
DA:20,0
DA:21,0
DA:22,0
DA:23,0
DA:24,0
DA:25,0
DA:26,0
DA:31,0
DA:40,0
DA:42,0
DA:43,0
DA:47,2
DA:50,0
DA:51,0
DA:52,0
DA:55,0
DA:56,0
DA:57,0
DA:58,0
DA:59,0
DA:60,0
DA:62,0
DA:63,0
DA:65,0
DA:66,0
DA:70,2
DA:71,0
DA:72,0
DA:73,0
DA:74,0
DA:75,0
DA:77,0
DA:78,0
DA:82,2
DA:87,0
DA:88,0
DA:89,0
DA:92,0
DA:93,0
DA:94,0
DA:102,0
DA:103,0
DA:105,0
DA:106,0
DA:110,2
DA:111,0
DA:112,0
DA:113,0
DA:114,0
DA:115,0
DA:116,0
DA:118,0
DA:126,0
DA:127,0
DA:129,0
DA:130,0
DA:134,2
DA:135,0
DA:136,0
DA:137,0
DA:138,0
DA:139,0
DA:141,0
DA:142,0
DA:144,0
DA:145,0
DA:149,2
DA:150,0
DA:151,0
DA:152,0
DA:153,0
DA:155,0
DA:156,0
DA:160,2
DA:164,0
DA:165,0
DA:166,0
DA:169,0
DA:170,0
DA:171,0
DA:176,0
DA:177,0
DA:178,0
DA:180,0
DA:181,0
DA:185,2
DA:186,0
DA:187,0
DA:189,0
DA:190,0
DA:191,0
DA:192,0
DA:193,0
DA:194,0
DA:195,0
DA:196,0
DA:197,0
DA:198,0
DA:199,0
DA:201,0
DA:202,0
DA:206,2
DA:207,0
DA:208,0
DA:209,0
DA:210,0
DA:211,0
DA:212,0
DA:214,0
DA:215,0
DA:219,2
DA:220,0
DA:221,0
DA:222,0
DA:223,0
DA:224,0
DA:225,0
DA:226,0
DA:227,0
DA:229,0
DA:230,0
DA:234,2
DA:241,0
DA:242,0
DA:243,0
DA:246,0
DA:247,0
DA:248,0
DA:258,0
DA:259,0
DA:261,0
DA:262,0
DA:266,2
DA:267,0
DA:268,0
DA:269,0
DA:270,0
DA:271,0
DA:272,0
DA:282,0
DA:283,0
DA:285,0
DA:286,0
DA:290,2
DA:291,0
DA:292,0
DA:293,0
DA:294,0
DA:295,0
DA:296,0
DA:298,0
DA:299,0
DA:303,2
DA:304,0
DA:305,0
DA:306,0
DA:307,0
DA:308,0
DA:309,0
DA:311,0
DA:312,0
DA:316,2
DA:319,0
DA:320,0
DA:321,0
DA:323,0
DA:324,0
DA:325,0
DA:326,0
DA:327,0
DA:328,0
DA:329,0
DA:330,0
DA:332,0
DA:333,0
DA:337,2
DA:338,0
DA:339,0
DA:340,0
DA:341,0
DA:342,0
DA:343,0
DA:345,0
DA:346,0
DA:350,2
DA:351,0
DA:352,0
DA:353,0
DA:354,0
DA:355,0
DA:356,0
DA:358,0
DA:359,0
DA:363,2
DA:366,0
DA:367,0
DA:368,0
DA:370,0
DA:371,0
DA:372,0
DA:373,0
DA:374,0
DA:375,0
DA:376,0
DA:377,0
DA:382,0
DA:384,0
DA:385,0
DA:389,2
DA:390,0
DA:391,0
DA:392,0
DA:393,0
DA:394,0
DA:395,0
DA:397,0
DA:398,0
DA:402,2
DA:403,0
DA:404,0
DA:405,0
DA:406,0
DA:407,0
DA:408,0
DA:410,0
DA:411,0
DA:415,2
DA:418,0
DA:419,0
DA:420,0
DA:422,0
DA:423,0
DA:424,0
DA:425,0
DA:426,0
DA:427,0
DA:428,0
DA:429,0
DA:431,0
DA:432,0
DA:436,2
DA:437,0
DA:438,0
DA:439,0
DA:440,0
DA:441,0
DA:442,0
DA:444,0
DA:445,0
DA:449,2
DA:450,0
DA:451,0
DA:452,0
DA:453,0
DA:454,0
DA:455,0
DA:457,0
DA:458,0
DA:462,2
DA:465,0
DA:466,0
DA:467,0
DA:469,0
DA:470,0
DA:471,0
DA:472,0
DA:473,0
DA:474,0
DA:475,0
DA:476,0
DA:478,0
DA:479,0
DA:483,2
DA:484,0
DA:485,0
DA:486,0
DA:487,0
DA:488,0
DA:489,0
DA:491,0
DA:492,0
DA:496,2
DA:497,0
DA:498,0
DA:499,0
DA:500,0
DA:501,0
DA:502,0
DA:503,0
DA:504,0
DA:506,0
DA:507,0
DA:511,2
DA:514,0
DA:515,0
DA:516,0
DA:518,0
DA:519,0
DA:520,0
DA:521,0
DA:522,0
DA:524,0
DA:525,0
DA:526,0
DA:528,0
DA:529,0
DA:530,0
DA:531,0
DA:532,0
DA:537,0
DA:538,0
DA:539,0
DA:541,0
DA:542,0
DA:547,2
DA:548,0
DA:549,0
DA:550,0
DA:551,0
DA:552,0
DA:556,0
DA:558,0
DA:559,0
DA:563,2
DA:569,0
DA:570,0
DA:571,0
DA:573,0
DA:574,0
DA:575,0
DA:584,0
DA:585,0
DA:590,0
DA:591,0
DA:595,2
DA:596,0
DA:597,0
DA:598,0
DA:599,0
DA:600,0
DA:601,0
DA:610,0
DA:611,0
DA:616,0
DA:617,0
DA:621,2
DA:622,0
DA:623,0
DA:624,0
DA:625,0
DA:626,0
DA:627,0
DA:629,0
DA:630,0
DA:634,2
DA:635,0
DA:636,0
DA:639,0
DA:650,0
DA:652,0
DA:653,0
DA:657,2
DA:660,0
DA:661,0
DA:662,0
DA:664,0
DA:665,0
DA:666,0
DA:667,0
DA:668,0
DA:670,0
DA:671,0
DA:675,2
LF:386
LH:42
BRDA:23,0,0,0
BRDA:23,0,1,0
BRDA:26,1,0,0
BRDA:26,1,1,0
BRDA:26,1,2,0
BRDA:26,1,3,0
BRDA:26,1,4,0
BRDA:26,1,5,0
BRDA:51,2,0,0
BRDA:51,2,1,0
BRDA:59,3,0,0
BRDA:59,3,1,0
BRDA:73,4,0,0
BRDA:73,4,1,0
BRDA:73,5,0,0
BRDA:73,5,1,0
BRDA:88,6,0,0
BRDA:88,6,1,0
BRDA:97,7,0,0
BRDA:97,7,1,0
BRDA:98,8,0,0
BRDA:98,8,1,0
BRDA:115,9,0,0
BRDA:115,9,1,0
BRDA:119,10,0,0
BRDA:119,10,1,0
BRDA:120,11,0,0
BRDA:120,11,1,0
BRDA:121,12,0,0
BRDA:121,12,1,0
BRDA:122,13,0,0
BRDA:122,13,1,0
BRDA:123,14,0,0
BRDA:123,14,1,0
BRDA:124,15,0,0
BRDA:124,15,1,0
BRDA:138,16,0,0
BRDA:138,16,1,0
BRDA:165,17,0,0
BRDA:165,17,1,0
BRDA:174,18,0,0
BRDA:174,18,1,0
BRDA:191,19,0,0
BRDA:191,19,1,0
BRDA:191,20,0,0
BRDA:191,20,1,0
BRDA:193,21,0,0
BRDA:193,21,1,0
BRDA:194,22,0,0
BRDA:194,22,1,0
BRDA:195,23,0,0
BRDA:195,23,1,0
BRDA:196,24,0,0
BRDA:196,24,1,0
BRDA:210,25,0,0
BRDA:210,25,1,0
BRDA:210,26,0,0
BRDA:210,26,1,0
BRDA:223,27,0,0
BRDA:223,27,1,0
BRDA:224,28,0,0
BRDA:224,28,1,0
BRDA:242,29,0,0
BRDA:242,29,1,0
BRDA:253,30,0,0
BRDA:253,30,1,0
BRDA:254,31,0,0
BRDA:254,31,1,0
BRDA:255,32,0,0
BRDA:255,32,1,0
BRDA:271,33,0,0
BRDA:271,33,1,0
BRDA:273,34,0,0
BRDA:273,34,1,0
BRDA:274,35,0,0
BRDA:274,35,1,0
BRDA:275,36,0,0
BRDA:275,36,1,0
BRDA:276,37,0,0
BRDA:276,37,1,0
BRDA:277,38,0,0
BRDA:277,38,1,0
BRDA:278,39,0,0
BRDA:278,39,1,0
BRDA:279,40,0,0
BRDA:279,40,1,0
BRDA:280,41,0,0
BRDA:280,41,1,0
BRDA:294,42,0,0
BRDA:294,42,1,0
BRDA:306,43,0,0
BRDA:306,43,1,0
BRDA:320,44,0,0
BRDA:320,44,1,0
BRDA:327,45,0,0
BRDA:327,45,1,0
BRDA:341,46,0,0
BRDA:341,46,1,0
BRDA:353,47,0,0
BRDA:353,47,1,0
BRDA:353,48,0,0
BRDA:353,48,1,0
BRDA:355,49,0,0
BRDA:355,49,1,0
BRDA:355,50,0,0
BRDA:355,50,1,0
BRDA:367,51,0,0
BRDA:367,51,1,0
BRDA:374,52,0,0
BRDA:374,52,1,0
BRDA:380,53,0,0
BRDA:380,53,1,0
BRDA:380,54,0,0
BRDA:380,54,1,0
BRDA:380,55,0,0
BRDA:380,55,1,0
BRDA:393,56,0,0
BRDA:393,56,1,0
BRDA:405,57,0,0
BRDA:405,57,1,0
BRDA:405,58,0,0
BRDA:405,58,1,0
BRDA:419,59,0,0
BRDA:419,59,1,0
BRDA:426,60,0,0
BRDA:426,60,1,0
BRDA:440,61,0,0
BRDA:440,61,1,0
BRDA:452,62,0,0
BRDA:452,62,1,0
BRDA:454,63,0,0
BRDA:454,63,1,0
BRDA:454,64,0,0
BRDA:454,64,1,0
BRDA:466,65,0,0
BRDA:466,65,1,0
BRDA:473,66,0,0
BRDA:473,66,1,0
BRDA:487,67,0,0
BRDA:487,67,1,0
BRDA:500,68,0,0
BRDA:500,68,1,0
BRDA:500,69,0,0
BRDA:500,69,1,0
BRDA:501,70,0,0
BRDA:501,70,1,0
BRDA:501,71,0,0
BRDA:501,71,1,0
BRDA:503,72,0,0
BRDA:503,72,1,0
BRDA:503,73,0,0
BRDA:503,73,1,0
BRDA:515,74,0,0
BRDA:515,74,1,0
BRDA:522,75,0,0
BRDA:522,75,1,0
BRDA:524,76,0,0
BRDA:524,76,1,0
BRDA:525,77,0,0
BRDA:525,77,1,0
BRDA:525,78,0,0
BRDA:525,78,1,0
BRDA:525,79,0,0
BRDA:525,79,1,0
BRDA:528,80,0,0
BRDA:528,80,1,0
BRDA:529,81,0,0
BRDA:529,81,1,0
BRDA:531,82,0,0
BRDA:531,82,1,0
BRDA:531,83,0,0
BRDA:531,83,1,0
BRDA:539,84,0,0
BRDA:539,84,1,0
BRDA:539,85,0,0
BRDA:539,85,1,0
BRDA:550,86,0,0
BRDA:550,86,1,0
BRDA:554,87,0,0
BRDA:554,87,1,0
BRDA:554,88,0,0
BRDA:554,88,1,0
BRDA:570,89,0,0
BRDA:570,89,1,0
BRDA:580,90,0,0
BRDA:580,90,1,0
BRDA:581,91,0,0
BRDA:581,91,1,0
BRDA:581,92,0,0
BRDA:581,92,1,0
BRDA:587,93,0,0
BRDA:587,93,1,0
BRDA:587,94,0,0
BRDA:587,94,1,0
BRDA:600,95,0,0
BRDA:600,95,1,0
BRDA:602,96,0,0
BRDA:602,96,1,0
BRDA:603,97,0,0
BRDA:603,97,1,0
BRDA:604,98,0,0
BRDA:604,98,1,0
BRDA:605,99,0,0
BRDA:605,99,1,0
BRDA:606,100,0,0
BRDA:606,100,1,0
BRDA:607,101,0,0
BRDA:607,101,1,0
BRDA:607,102,0,0
BRDA:607,102,1,0
BRDA:607,103,0,0
BRDA:607,103,1,0
BRDA:608,104,0,0
BRDA:608,104,1,0
BRDA:613,105,0,0
BRDA:613,105,1,0
BRDA:613,106,0,0
BRDA:613,106,1,0
BRDA:625,107,0,0
BRDA:625,107,1,0
BRDA:639,108,0,0
BRDA:639,108,1,0
BRDA:661,109,0,0
BRDA:661,109,1,0
BRF:224
BRH:0
end_of_record
TN:
SF:routes\auth.js
FN:11,(anonymous_0)
FN:16,(anonymous_1)
FN:21,(anonymous_2)
FN:23,(anonymous_3)
FN:31,(anonymous_4)
FN:46,(anonymous_5)
FN:94,(anonymous_6)
FN:157,(anonymous_7)
FN:205,(anonymous_8)
FN:240,(anonymous_9)
FN:271,(anonymous_10)
FN:308,(anonymous_11)
FNF:12
FNH:0
FNDA:0,(anonymous_0)
FNDA:0,(anonymous_1)
FNDA:0,(anonymous_2)
FNDA:0,(anonymous_3)
FNDA:0,(anonymous_4)
FNDA:0,(anonymous_5)
FNDA:0,(anonymous_6)
FNDA:0,(anonymous_7)
FNDA:0,(anonymous_8)
FNDA:0,(anonymous_9)
FNDA:0,(anonymous_10)
FNDA:0,(anonymous_11)
DA:1,2
DA:2,2
DA:3,2
DA:4,2
DA:5,2
DA:6,2
DA:7,2
DA:9,2
DA:11,2
DA:12,0
DA:13,0
DA:16,2
DA:17,0
DA:18,0
DA:21,2
DA:23,2
DA:24,0
DA:25,0
DA:31,2
DA:43,2
DA:47,0
DA:48,0
DA:49,0
DA:52,0
DA:54,0
DA:55,0
DA:58,0
DA:59,0
DA:62,0
DA:63,0
DA:64,0
DA:67,0
DA:68,0
DA:70,0
DA:72,0
DA:80,0
DA:86,2
DA:95,0
DA:96,0
DA:97,0
DA:100,0
DA:102,0
DA:103,0
DA:106,0
DA:107,0
DA:110,0
DA:116,0
DA:117,0
DA:120,0
DA:121,0
DA:124,0
DA:125,0
DA:127,0
DA:128,0
DA:131,0
DA:132,0
DA:141,0
DA:142,0
DA:148,0
DA:154,2
DA:158,0
DA:159,0
DA:160,0
DA:163,0
DA:165,0
DA:166,0
DA:167,0
DA:169,0
DA:170,0
DA:173,0
DA:177,0
DA:178,0
DA:181,0
DA:182,0
DA:185,0
DA:186,0
DA:189,0
DA:195,0
DA:200,0
DA:201,0
DA:205,2
DA:206,0
DA:207,0
DA:209,0
DA:210,0
DA:213,0
DA:215,0
DA:216,0
DA:220,2
DA:241,0
DA:242,0
DA:243,0
DA:246,0
DA:247,0
DA:249,0
DA:250,0
DA:253,0
DA:259,0
DA:260,0
DA:262,0
DA:263,0
DA:267,2
DA:272,0
DA:273,0
DA:274,0
DA:277,0
DA:279,0
DA:280,0
DA:283,0
DA:284,0
DA:286,0
DA:287,0
DA:290,0
DA:294,0
DA:295,0
DA:298,0
DA:299,0
DA:301,0
DA:303,0
DA:304,0
DA:308,2
DA:309,0
DA:312,2
LF:123
LH:21
BRDA:48,0,0,0
BRDA:48,0,1,0
BRDA:54,1,0,0
BRDA:54,1,1,0
BRDA:58,2,0,0
BRDA:58,2,1,0
BRDA:63,3,0,0
BRDA:63,3,1,0
BRDA:96,4,0,0
BRDA:96,4,1,0
BRDA:102,5,0,0
BRDA:102,5,1,0
BRDA:106,6,0,0
BRDA:106,6,1,0
BRDA:116,7,0,0
BRDA:116,7,1,0
BRDA:120,8,0,0
BRDA:120,8,1,0
BRDA:127,9,0,0
BRDA:127,9,1,0
BRDA:127,10,0,0
BRDA:127,10,1,0
BRDA:159,11,0,0
BRDA:159,11,1,0
BRDA:169,12,0,0
BRDA:169,12,1,0
BRDA:173,13,0,0
BRDA:173,13,1,0
BRDA:177,14,0,0
BRDA:177,14,1,0
BRDA:181,15,0,0
BRDA:181,15,1,0
BRDA:185,16,0,0
BRDA:185,16,1,0
BRDA:209,17,0,0
BRDA:209,17,1,0
BRDA:242,18,0,0
BRDA:242,18,1,0
BRDA:249,19,0,0
BRDA:249,19,1,0
BRDA:273,20,0,0
BRDA:273,20,1,0
BRDA:279,21,0,0
BRDA:279,21,1,0
BRDA:286,22,0,0
BRDA:286,22,1,0
BRDA:290,23,0,0
BRDA:290,23,1,0
BRDA:294,24,0,0
BRDA:294,24,1,0
BRF:50
BRH:0
end_of_record
TN:
SF:routes\drivingSchool.js
FN:9,(anonymous_0)
FN:20,(anonymous_1)
FN:28,(anonymous_2)
FN:53,(anonymous_3)
FN:63,(anonymous_4)
FN:86,(anonymous_5)
FN:134,(anonymous_6)
FN:146,(anonymous_7)
FN:152,(anonymous_8)
FN:179,(anonymous_9)
FN:188,(anonymous_10)
FNF:11
FNH:1
FNDA:0,(anonymous_0)
FNDA:0,(anonymous_1)
FNDA:0,(anonymous_2)
FNDA:0,(anonymous_3)
FNDA:0,(anonymous_4)
FNDA:1,(anonymous_5)
FNDA:0,(anonymous_6)
FNDA:0,(anonymous_7)
FNDA:0,(anonymous_8)
FNDA:0,(anonymous_9)
FNDA:0,(anonymous_10)
DA:1,2
DA:2,2
DA:3,2
DA:4,2
DA:5,2
DA:7,2
DA:9,2
DA:20,2
DA:28,2
DA:29,0
DA:30,0
DA:32,0
DA:33,0
DA:35,0
DA:36,0
DA:39,0
DA:40,0
DA:43,0
DA:44,0
DA:46,0
DA:48,0
DA:49,0
DA:53,2
DA:54,0
DA:55,0
DA:56,0
DA:58,0
DA:59,0
DA:63,2
DA:64,0
DA:66,0
DA:67,0
DA:69,0
DA:70,0
DA:73,0
DA:75,0
DA:76,0
DA:80,2
DA:87,1
DA:88,1
DA:89,0
DA:92,1
DA:93,1
DA:94,1
DA:96,1
DA:97,1
DA:99,1
DA:100,0
DA:103,1
DA:104,1
DA:113,1
DA:124,1
DA:129,0
DA:130,0
DA:134,2
DA:135,0
DA:137,0
DA:138,0
DA:139,0
DA:141,0
DA:142,0
DA:146,2
DA:147,0
DA:150,2
DA:153,0
DA:154,0
DA:156,0
DA:157,0
DA:159,0
DA:160,0
DA:163,0
DA:172,0
DA:174,0
DA:175,0
DA:179,2
DA:180,0
DA:182,0
DA:183,0
DA:188,0
DA:199,0
DA:201,0
DA:202,0
DA:206,2
LF:83
LH:29
BRDA:16,0,0,0
BRDA:16,0,1,0
BRDA:23,1,0,0
BRDA:23,1,1,0
BRDA:24,2,0,0
BRDA:24,2,1,0
BRDA:24,3,0,0
BRDA:24,3,1,0
BRDA:24,4,0,0
BRDA:24,4,1,0
BRDA:35,5,0,0
BRDA:35,5,1,0
BRDA:35,6,0,0
BRDA:35,6,1,0
BRDA:35,6,2,0
BRDA:39,7,0,0
BRDA:39,7,1,0
BRDA:69,8,0,0
BRDA:69,8,1,0
BRDA:88,9,0,0
BRDA:88,9,1,1
BRDA:99,10,0,0
BRDA:99,10,1,1
BRDA:99,11,0,1
BRDA:99,11,1,1
BRDA:103,12,0,1
BRDA:103,12,1,0
BRDA:120,13,0,1
BRDA:120,13,1,0
BRDA:159,14,0,0
BRDA:159,14,1,0
BRDA:166,15,0,0
BRDA:166,15,1,0
BRDA:167,16,0,0
BRDA:167,16,1,0
BRDA:168,17,0,0
BRDA:168,17,1,0
BRDA:188,18,0,0
BRDA:188,18,1,0
BRF:39
BRH:6
end_of_record
TN:
SF:routes\forum.js
FN:9,(anonymous_0)
FN:20,(anonymous_1)
FN:42,(anonymous_2)
FN:63,(anonymous_3)
FN:74,(anonymous_4)
FN:109,(anonymous_5)
FN:158,(anonymous_6)
FN:181,(anonymous_7)
FN:229,(anonymous_8)
FN:235,(anonymous_9)
FN:250,(anonymous_10)
FNF:11
FNH:0
FNDA:0,(anonymous_0)
FNDA:0,(anonymous_1)
FNDA:0,(anonymous_2)
FNDA:0,(anonymous_3)
FNDA:0,(anonymous_4)
FNDA:0,(anonymous_5)
FNDA:0,(anonymous_6)
FNDA:0,(anonymous_7)
FNDA:0,(anonymous_8)
FNDA:0,(anonymous_9)
FNDA:0,(anonymous_10)
DA:1,2
DA:2,2
DA:3,2
DA:4,2
DA:5,2
DA:7,2
DA:9,2
DA:10,0
DA:17,0
DA:20,2
DA:21,0
DA:22,0
DA:23,0
DA:24,0
DA:26,0
DA:27,0
DA:28,0
DA:31,0
DA:32,0
DA:33,0
DA:36,0
DA:38,0
DA:39,0
DA:42,0
DA:56,0
DA:58,0
DA:59,0
DA:63,2
DA:64,0
DA:65,0
DA:66,0
DA:68,0
DA:69,0
DA:73,0
DA:74,0
DA:83,0
DA:97,0
DA:99,0
DA:100,0
DA:104,2
DA:110,0
DA:111,0
DA:112,0
DA:115,0
DA:116,0
DA:117,0
DA:120,0
DA:122,0
DA:123,0
DA:127,0
DA:137,0
DA:151,0
DA:153,0
DA:154,0
DA:158,2
DA:159,0
DA:160,0
DA:162,0
DA:164,0
DA:165,0
DA:169,0
DA:171,0
DA:173,0
DA:174,0
DA:178,2
DA:182,0
DA:183,0
DA:184,0
DA:187,0
DA:188,0
DA:189,0
DA:191,0
DA:193,0
DA:195,0
DA:196,0
DA:200,0
DA:202,0
DA:203,0
DA:207,0
DA:214,0
DA:222,0
DA:224,0
DA:225,0
DA:229,2
DA:230,0
DA:231,0
DA:232,0
DA:235,0
DA:250,0
DA:252,0
DA:254,0
DA:255,0
DA:259,2
LF:93
LH:14
BRDA:26,0,0,0
BRDA:26,0,1,0
BRDA:31,1,0,0
BRDA:31,1,1,0
BRDA:39,2,0,0
BRDA:39,2,1,0
BRDA:49,3,0,0
BRDA:49,3,1,0
BRDA:50,4,0,0
BRDA:50,4,1,0
BRDA:68,5,0,0
BRDA:68,5,1,0
BRDA:90,6,0,0
BRDA:90,6,1,0
BRDA:91,7,0,0
BRDA:91,7,1,0
BRDA:111,8,0,0
BRDA:111,8,1,0
BRDA:122,9,0,0
BRDA:122,9,1,0
BRDA:133,10,0,0
BRDA:133,10,1,0
BRDA:144,11,0,0
BRDA:144,11,1,0
BRDA:164,12,0,0
BRDA:164,12,1,0
BRDA:171,13,0,0
BRDA:171,13,1,0
BRDA:183,14,0,0
BRDA:183,14,1,0
BRDA:195,15,0,0
BRDA:195,15,1,0
BRDA:202,16,0,0
BRDA:202,16,1,0
BRDA:242,17,0,0
BRDA:242,17,1,0
BRDA:243,18,0,0
BRDA:243,18,1,0
BRF:38
BRH:0
end_of_record
TN:
SF:routes\secondhand.js
FN:9,(anonymous_0)
FN:21,(anonymous_1)
FN:29,(anonymous_2)
FN:60,(anonymous_3)
FN:85,(anonymous_4)
FN:108,(anonymous_5)
FN:150,(anonymous_6)
FN:204,(anonymous_7)
FN:216,(anonymous_8)
FN:220,(anonymous_9)
FN:232,(anonymous_10)
FN:237,(anonymous_11)
FN:255,(anonymous_12)
FN:274,(anonymous_13)
FNF:14
FNH:4
FNDA:0,(anonymous_0)
FNDA:1,(anonymous_1)
FNDA:1,(anonymous_2)
FNDA:0,(anonymous_3)
FNDA:0,(anonymous_4)
FNDA:0,(anonymous_5)
FNDA:2,(anonymous_6)
FNDA:0,(anonymous_7)
FNDA:1,(anonymous_8)
FNDA:0,(anonymous_9)
FNDA:0,(anonymous_10)
FNDA:0,(anonymous_11)
FNDA:0,(anonymous_12)
FNDA:0,(anonymous_13)
DA:1,2
DA:2,2
DA:3,2
DA:4,2
DA:5,2
DA:7,2
DA:9,2
DA:21,2
DA:29,2
DA:30,1
DA:31,1
DA:33,1
DA:34,1
DA:36,1
DA:37,0
DA:40,1
DA:41,0
DA:44,1
DA:45,1
DA:46,1
DA:47,1
DA:50,1
DA:51,1
DA:53,1
DA:55,0
DA:56,0
DA:60,2
DA:61,0
DA:63,0
DA:64,0
DA:65,0
DA:67,0
DA:68,0
DA:69,0
DA:72,0
DA:73,0
DA:74,0
DA:77,0
DA:78,0
DA:80,0
DA:81,0
DA:85,2
DA:86,0
DA:88,0
DA:89,0
DA:91,0
DA:92,0
DA:95,0
DA:97,0
DA:98,0
DA:102,2
DA:109,0
DA:110,0
DA:111,0
DA:114,0
DA:115,0
DA:116,0
DA:118,0
DA:128,0
DA:140,0
DA:141,0
DA:145,2
DA:151,2
DA:152,2
DA:153,0
DA:156,2
DA:157,2
DA:158,2
DA:160,2
DA:161,2
DA:163,2
DA:164,0
DA:167,2
DA:168,1
DA:171,1
DA:172,1
DA:181,1
DA:192,1
DA:194,1
DA:199,0
DA:200,0
DA:204,2
DA:205,0
DA:207,0
DA:208,0
DA:209,0
DA:211,0
DA:212,0
DA:216,2
DA:217,1
DA:220,2
DA:221,0
DA:223,0
DA:224,0
DA:225,0
DA:227,0
DA:228,0
DA:232,2
DA:233,0
DA:235,0
DA:236,0
DA:237,0
DA:239,0
DA:240,0
DA:243,0
DA:248,0
DA:250,0
DA:251,0
DA:255,2
DA:256,0
DA:257,0
DA:259,0
DA:260,0
DA:262,0
DA:263,0
DA:266,0
DA:267,0
DA:269,0
DA:270,0
DA:274,2
DA:275,0
DA:276,0
DA:278,0
DA:279,0
DA:280,0
DA:282,0
DA:283,0
DA:287,2
LF:128
LH:49
BRDA:16,0,0,0
BRDA:16,0,1,0
BRDA:24,1,0,1
BRDA:24,1,1,0
BRDA:25,2,0,1
BRDA:25,2,1,0
BRDA:25,3,0,1
BRDA:25,3,1,0
BRDA:25,4,0,0
BRDA:25,4,1,0
BRDA:36,5,0,0
BRDA:36,5,1,1
BRDA:36,6,0,1
BRDA:36,6,1,1
BRDA:36,6,2,1
BRDA:40,7,0,0
BRDA:40,7,1,1
BRDA:44,8,0,1
BRDA:44,8,1,0
BRDA:44,9,0,1
BRDA:44,9,1,0
BRDA:44,10,0,0
BRDA:44,10,1,0
BRDA:46,11,0,1
BRDA:46,11,1,0
BRDA:67,12,0,0
BRDA:67,12,1,0
BRDA:72,13,0,0
BRDA:72,13,1,0
BRDA:78,14,0,0
BRDA:78,14,1,0
BRDA:91,15,0,0
BRDA:91,15,1,0
BRDA:110,16,0,0
BRDA:110,16,1,0
BRDA:124,17,0,0
BRDA:124,17,1,0
BRDA:135,18,0,0
BRDA:135,18,1,0
BRDA:152,19,0,0
BRDA:152,19,1,2
BRDA:163,20,0,0
BRDA:163,20,1,2
BRDA:163,21,0,2
BRDA:163,21,1,2
BRDA:167,22,0,1
BRDA:167,22,1,1
BRDA:171,23,0,1
BRDA:171,23,1,0
BRDA:188,24,0,1
BRDA:188,24,1,0
BRDA:239,25,0,0
BRDA:239,25,1,0
BRDA:248,26,0,0
BRDA:248,26,1,0
BRDA:262,27,0,0
BRDA:262,27,1,0
BRF:57
BRH:19
end_of_record
TN:
SF:routes\snack.js
FN:8,(anonymous_0)
FN:16,(anonymous_1)
FN:19,(anonymous_2)
FN:27,(anonymous_3)
FN:33,(anonymous_4)
FN:43,(anonymous_5)
FN:65,(anonymous_6)
FN:111,(anonymous_7)
FN:124,(anonymous_8)
FNF:9
FNH:2
FNDA:1,(anonymous_0)
FNDA:0,(anonymous_1)
FNDA:0,(anonymous_2)
FNDA:0,(anonymous_3)
FNDA:0,(anonymous_4)
FNDA:0,(anonymous_5)
FNDA:0,(anonymous_6)
FNDA:0,(anonymous_7)
FNDA:2,(anonymous_8)
DA:1,2
DA:2,2
DA:3,2
DA:4,2
DA:6,2
DA:8,2
DA:16,2
DA:17,0
DA:18,0
DA:19,0
DA:20,0
DA:22,0
DA:23,0
DA:27,2
DA:28,0
DA:29,0
DA:30,0
DA:32,0
DA:33,0
DA:36,0
DA:38,0
DA:39,0
DA:43,2
DA:44,0
DA:46,0
DA:47,0
DA:49,0
DA:50,0
DA:53,0
DA:55,0
DA:56,0
DA:60,2
DA:66,0
DA:67,0
DA:68,0
DA:71,0
DA:72,0
DA:74,0
DA:75,0
DA:77,0
DA:78,0
DA:80,0
DA:81,0
DA:84,0
DA:85,0
DA:94,0
DA:95,0
DA:104,0
DA:106,0
DA:107,0
DA:111,2
DA:112,0
DA:114,0
DA:115,0
DA:116,0
DA:117,0
DA:119,0
DA:120,0
DA:124,2
DA:125,2
DA:126,2
DA:128,2
DA:129,2
DA:131,2
DA:132,0
DA:135,2
DA:136,1
DA:139,1
DA:140,1
DA:142,1
DA:144,0
DA:145,0
DA:149,2
LF:73
LH:23
BRDA:11,0,0,1
BRDA:11,0,1,0
BRDA:12,1,0,1
BRDA:12,1,1,0
BRDA:12,2,0,1
BRDA:12,2,1,0
BRDA:12,3,0,0
BRDA:12,3,1,0
BRDA:32,4,0,0
BRDA:32,4,1,0
BRDA:49,5,0,0
BRDA:49,5,1,0
BRDA:67,6,0,0
BRDA:67,6,1,0
BRDA:80,7,0,0
BRDA:80,7,1,0
BRDA:100,8,0,0
BRDA:100,8,1,0
BRDA:131,9,0,0
BRDA:131,9,1,2
BRDA:131,10,0,2
BRDA:131,10,1,2
BRDA:131,10,2,2
BRDA:135,11,0,1
BRDA:135,11,1,1
BRF:25
BRH:9
end_of_record
TN:
SF:routes\studyMaterial.js
FN:9,(anonymous_0)
FN:34,(anonymous_1)
FN:57,(anonymous_2)
FN:97,(anonymous_3)
FN:151,(anonymous_4)
FN:157,(anonymous_5)
FN:180,(anonymous_6)
FNF:7
FNH:0
FNDA:0,(anonymous_0)
FNDA:0,(anonymous_1)
FNDA:0,(anonymous_2)
FNDA:0,(anonymous_3)
FNDA:0,(anonymous_4)
FNDA:0,(anonymous_5)
FNDA:0,(anonymous_6)
DA:1,2
DA:2,2
DA:3,2
DA:4,2
DA:5,2
DA:7,2
DA:9,2
DA:10,0
DA:11,0
DA:12,0
DA:13,0
DA:15,0
DA:16,0
DA:17,0
DA:20,0
DA:21,0
DA:22,0
DA:25,0
DA:26,0
DA:27,0
DA:30,0
DA:31,0
DA:34,0
DA:50,0
DA:52,0
DA:53,0
DA:57,2
DA:58,0
DA:59,0
DA:60,0
DA:62,0
DA:63,0
DA:67,0
DA:83,0
DA:85,0
DA:86,0
DA:90,2
DA:98,0
DA:99,0
DA:100,0
DA:103,0
DA:104,0
DA:105,0
DA:108,0
DA:110,0
DA:111,0
DA:115,0
DA:128,0
DA:144,0
DA:146,0
DA:147,0
DA:151,2
DA:152,0
DA:153,0
DA:154,0
DA:157,0
DA:173,0
DA:175,0
DA:176,0
DA:180,2
DA:181,0
DA:182,0
DA:184,0
DA:186,0
DA:187,0
DA:191,0
DA:193,0
DA:195,0
DA:196,0
DA:200,2
LF:70
LH:12
BRDA:15,0,0,0
BRDA:15,0,1,0
BRDA:20,1,0,0
BRDA:20,1,1,0
BRDA:25,2,0,0
BRDA:25,2,1,0
BRDA:31,3,0,0
BRDA:31,3,1,0
BRDA:62,4,0,0
BRDA:62,4,1,0
BRDA:99,5,0,0
BRDA:99,5,1,0
BRDA:110,6,0,0
BRDA:110,6,1,0
BRDA:120,7,0,0
BRDA:120,7,1,0
BRDA:121,8,0,0
BRDA:121,8,1,0
BRDA:134,9,0,0
BRDA:134,9,1,0
BRDA:135,10,0,0
BRDA:135,10,1,0
BRDA:186,11,0,0
BRDA:186,11,1,0
BRDA:193,12,0,0
BRDA:193,12,1,0
BRF:26
BRH:0
end_of_record
TN:
SF:routes\supermarket.js
FN:9,(anonymous_0)
FN:17,(anonymous_1)
FN:23,(anonymous_2)
FN:26,(anonymous_3)
FN:40,(anonymous_4)
FN:51,(anonymous_5)
FN:54,(anonymous_6)
FN:64,(anonymous_7)
FN:88,(anonymous_8)
FN:113,(anonymous_9)
FN:133,(anonymous_10)
FN:138,(anonymous_11)
FN:147,(anonymous_12)
FN:160,(anonymous_13)
FN:173,(anonymous_14)
FN:183,(anonymous_15)
FN:199,(anonymous_16)
FN:209,(anonymous_17)
FN:220,(anonymous_18)
FN:233,(anonymous_19)
FN:243,(anonymous_20)
FN:255,(anonymous_21)
FN:265,(anonymous_22)
FN:285,(anonymous_23)
FN:292,(anonymous_24)
FN:341,(anonymous_25)
FN:354,(anonymous_26)
FN:359,(anonymous_27)
FN:413,(anonymous_28)
FNF:29
FNH:4
FNDA:1,(anonymous_0)
FNDA:1,(anonymous_1)
FNDA:0,(anonymous_2)
FNDA:0,(anonymous_3)
FNDA:0,(anonymous_4)
FNDA:0,(anonymous_5)
FNDA:0,(anonymous_6)
FNDA:0,(anonymous_7)
FNDA:0,(anonymous_8)
FNDA:0,(anonymous_9)
FNDA:0,(anonymous_10)
FNDA:0,(anonymous_11)
FNDA:0,(anonymous_12)
FNDA:0,(anonymous_13)
FNDA:0,(anonymous_14)
FNDA:0,(anonymous_15)
FNDA:0,(anonymous_16)
FNDA:0,(anonymous_17)
FNDA:0,(anonymous_18)
FNDA:0,(anonymous_19)
FNDA:0,(anonymous_20)
FNDA:0,(anonymous_21)
FNDA:0,(anonymous_22)
FNDA:0,(anonymous_23)
FNDA:0,(anonymous_24)
FNDA:0,(anonymous_25)
FNDA:2,(anonymous_26)
FNDA:2,(anonymous_27)
FNDA:0,(anonymous_28)
DA:1,2
DA:2,2
DA:3,2
DA:4,2
DA:5,2
DA:7,2
DA:9,2
DA:17,2
DA:18,1
DA:19,1
DA:20,1
DA:23,2
DA:24,0
DA:25,0
DA:26,0
DA:33,0
DA:35,0
DA:36,0
DA:40,2
DA:41,0
DA:42,0
DA:43,0
DA:45,0
DA:46,0
DA:49,0
DA:50,0
DA:51,0
DA:54,0
DA:59,0
DA:60,0
DA:64,2
DA:65,0
DA:67,0
DA:68,0
DA:70,0
DA:71,0
DA:74,0
DA:79,0
DA:80,0
DA:84,2
DA:89,0
DA:90,0
DA:91,0
DA:94,0
DA:95,0
DA:97,0
DA:98,0
DA:100,0
DA:101,0
DA:104,0
DA:105,0
DA:108,0
DA:109,0
DA:111,0
DA:112,0
DA:113,0
DA:114,0
DA:115,0
DA:117,0
DA:118,0
DA:121,0
DA:122,0
DA:125,0
DA:128,0
DA:129,0
DA:133,2
DA:134,0
DA:136,0
DA:137,0
DA:138,0
DA:147,0
DA:149,0
DA:151,0
DA:152,0
DA:156,2
DA:161,0
DA:162,0
DA:163,0
DA:166,0
DA:167,0
DA:169,0
DA:170,0
DA:171,0
DA:172,0
DA:173,0
DA:181,0
DA:183,0
DA:187,0
DA:188,0
DA:189,0
DA:192,0
DA:193,0
DA:196,0
DA:198,0
DA:199,0
DA:207,0
DA:209,0
DA:212,0
DA:213,0
DA:217,2
DA:221,0
DA:222,0
DA:223,0
DA:226,0
DA:227,0
DA:229,0
DA:230,0
DA:232,0
DA:233,0
DA:241,0
DA:243,0
DA:246,0
DA:247,0
DA:251,2
DA:256,0
DA:257,0
DA:258,0
DA:261,0
DA:262,0
DA:264,0
DA:265,0
DA:266,0
DA:281,0
DA:282,0
DA:285,0
DA:292,0
DA:294,0
DA:295,0
DA:296,0
DA:300,0
DA:315,0
DA:316,0
DA:322,0
DA:324,0
DA:330,0
DA:332,0
DA:333,0
DA:336,0
DA:337,0
DA:341,2
DA:342,0
DA:344,0
DA:345,0
DA:346,0
DA:347,0
DA:349,0
DA:350,0
DA:354,2
DA:355,2
DA:356,2
DA:358,2
DA:359,2
DA:360,2
DA:364,2
DA:366,2
DA:367,0
DA:370,2
DA:371,1
DA:374,1
DA:376,1
DA:377,2
DA:381,2
DA:383,2
DA:384,0
DA:387,2
DA:393,1
DA:398,1
DA:399,1
DA:402,1
DA:404,1
DA:405,1
DA:408,0
DA:409,0
DA:413,2
DA:414,0
DA:415,0
DA:417,0
DA:418,0
DA:420,0
DA:421,0
DA:424,0
DA:426,0
DA:427,0
DA:431,2
LF:184
LH:44
BRDA:12,0,0,1
BRDA:12,0,1,0
BRDA:13,1,0,1
BRDA:13,1,1,0
BRDA:13,2,0,1
BRDA:13,2,1,0
BRDA:13,3,0,0
BRDA:13,3,1,0
BRDA:45,4,0,0
BRDA:45,4,1,0
BRDA:50,5,0,0
BRDA:50,5,1,0
BRDA:51,6,0,0
BRDA:51,6,1,0
BRDA:70,7,0,0
BRDA:70,7,1,0
BRDA:90,8,0,0
BRDA:90,8,1,0
BRDA:100,9,0,0
BRDA:100,9,1,0
BRDA:104,10,0,0
BRDA:104,10,1,0
BRDA:111,11,0,0
BRDA:111,11,1,0
BRDA:114,12,0,0
BRDA:114,12,1,0
BRDA:117,13,0,0
BRDA:117,13,1,0
BRDA:121,14,0,0
BRDA:121,14,1,0
BRDA:162,15,0,0
BRDA:162,15,1,0
BRDA:170,16,0,0
BRDA:170,16,1,0
BRDA:188,17,0,0
BRDA:188,17,1,0
BRDA:192,18,0,0
BRDA:192,18,1,0
BRDA:222,19,0,0
BRDA:222,19,1,0
BRDA:257,20,0,0
BRDA:257,20,1,0
BRDA:281,21,0,0
BRDA:281,21,1,0
BRDA:281,22,0,0
BRDA:281,22,1,0
BRDA:295,23,0,0
BRDA:295,23,1,0
BRDA:295,24,0,0
BRDA:295,24,1,0
BRDA:295,25,0,0
BRDA:295,25,1,0
BRDA:310,26,0,0
BRDA:310,26,1,0
BRDA:332,27,0,0
BRDA:332,27,1,0
BRDA:366,28,0,0
BRDA:366,28,1,2
BRDA:370,29,0,1
BRDA:370,29,1,1
BRDA:374,30,0,1
BRDA:374,30,1,0
BRDA:374,31,0,1
BRDA:374,31,1,0
BRDA:374,32,0,0
BRDA:374,32,1,0
BRDA:383,33,0,0
BRDA:383,33,1,2
BRDA:389,34,0,2
BRDA:389,34,1,0
BRDA:389,35,0,2
BRDA:389,35,1,0
BRDA:404,36,0,1
BRDA:404,36,1,0
BRDA:420,37,0,0
BRDA:420,37,1,0
BRDA:420,38,0,0
BRDA:420,38,1,0
BRDA:420,38,2,0
BRF:79
BRH:12
end_of_record
TN:
SF:routes\tutor.js
FN:8,(anonymous_0)
FN:13,(anonymous_1)
FN:21,(anonymous_2)
FN:46,(anonymous_3)
FN:51,(anonymous_4)
FN:52,(anonymous_5)
FN:53,(anonymous_6)
FN:54,(anonymous_7)
FN:63,(anonymous_8)
FN:87,(anonymous_9)
FN:128,(anonymous_10)
FN:184,(anonymous_11)
FN:196,(anonymous_12)
FN:200,(anonymous_13)
FNF:14
FNH:4
FNDA:0,(anonymous_0)
FNDA:1,(anonymous_1)
FNDA:1,(anonymous_2)
FNDA:0,(anonymous_3)
FNDA:0,(anonymous_4)
FNDA:0,(anonymous_5)
FNDA:0,(anonymous_6)
FNDA:0,(anonymous_7)
FNDA:0,(anonymous_8)
FNDA:0,(anonymous_9)
FNDA:1,(anonymous_10)
FNDA:0,(anonymous_11)
FNDA:1,(anonymous_12)
FNDA:0,(anonymous_13)
DA:1,2
DA:2,2
DA:3,2
DA:4,2
DA:6,2
DA:8,2
DA:13,2
DA:21,2
DA:22,1
DA:23,1
DA:25,1
DA:26,1
DA:28,1
DA:29,0
DA:32,1
DA:33,0
DA:36,1
DA:37,1
DA:39,1
DA:41,0
DA:42,0
DA:46,2
DA:47,0
DA:48,0
DA:49,0
DA:51,0
DA:52,0
DA:53,0
DA:54,0
DA:56,0
DA:58,0
DA:59,0
DA:63,2
DA:64,0
DA:66,0
DA:67,0
DA:69,0
DA:70,0
DA:73,0
DA:75,0
DA:76,0
DA:80,2
DA:88,0
DA:89,0
DA:90,0
DA:93,0
DA:94,0
DA:96,0
DA:97,0
DA:99,0
DA:100,0
DA:103,0
DA:113,0
DA:115,0
DA:117,0
DA:118,0
DA:122,2
DA:129,1
DA:130,1
DA:131,0
DA:134,1
DA:135,1
DA:136,1
DA:137,1
DA:139,1
DA:140,1
DA:142,1
DA:143,0
DA:146,1
DA:147,0
DA:150,1
DA:151,1
DA:152,1
DA:163,1
DA:174,1
DA:179,0
DA:180,0
DA:184,2
DA:185,0
DA:187,0
DA:188,0
DA:189,0
DA:191,0
DA:192,0
DA:196,2
DA:197,1
DA:200,2
DA:201,0
DA:203,0
DA:204,0
DA:205,0
DA:207,0
DA:208,0
DA:212,2
LF:94
LH:41
BRDA:16,0,0,1
BRDA:16,0,1,0
BRDA:17,1,0,1
BRDA:17,1,1,0
BRDA:17,2,0,1
BRDA:17,2,1,0
BRDA:17,3,0,0
BRDA:17,3,1,0
BRDA:28,4,0,0
BRDA:28,4,1,1
BRDA:28,5,0,1
BRDA:28,5,1,1
BRDA:28,5,2,1
BRDA:32,6,0,0
BRDA:32,6,1,1
BRDA:51,7,0,0
BRDA:51,7,1,0
BRDA:51,8,0,0
BRDA:51,8,1,0
BRDA:52,9,0,0
BRDA:52,9,1,0
BRDA:53,10,0,0
BRDA:53,10,1,0
BRDA:53,11,0,0
BRDA:53,11,1,0
BRDA:54,12,0,0
BRDA:54,12,1,0
BRDA:54,13,0,0
BRDA:54,13,1,0
BRDA:69,14,0,0
BRDA:69,14,1,0
BRDA:89,15,0,0
BRDA:89,15,1,0
BRDA:99,16,0,0
BRDA:99,16,1,0
BRDA:130,17,0,0
BRDA:130,17,1,1
BRDA:142,18,0,0
BRDA:142,18,1,1
BRDA:142,19,0,1
BRDA:142,19,1,1
BRDA:146,20,0,0
BRDA:146,20,1,1
BRDA:150,21,0,1
BRDA:150,21,1,0
BRDA:170,22,0,1
BRDA:170,22,1,0
BRF:47
BRH:15
end_of_record
TN:
SF:utils\alertDispatcher.js
FN:7,(anonymous_0)
FN:13,(anonymous_1)
FN:36,(anonymous_2)
FN:41,(anonymous_3)
FN:55,(anonymous_4)
FN:67,(anonymous_5)
FNF:6
FNH:1
FNDA:2,(anonymous_0)
FNDA:0,(anonymous_1)
FNDA:0,(anonymous_2)
FNDA:0,(anonymous_3)
FNDA:0,(anonymous_4)
FNDA:0,(anonymous_5)
DA:1,2
DA:2,2
DA:3,2
DA:4,2
DA:8,2
DA:9,2
DA:10,2
DA:14,0
DA:15,0
DA:18,0
DA:24,0
DA:25,0
DA:26,0
DA:28,0
DA:32,0
DA:37,0
DA:38,0
DA:39,0
DA:41,0
DA:42,0
DA:56,0
DA:58,0
DA:59,0
DA:60,0
DA:63,0
DA:67,0
DA:68,0
DA:71,0
DA:72,0
DA:73,0
DA:78,2
LF:31
LH:8
BRDA:9,0,0,2
BRDA:9,0,1,2
BRDA:10,1,0,2
BRDA:10,1,1,2
BRDA:10,1,2,0
BRDA:14,2,0,0
BRDA:14,2,1,0
BRDA:14,3,0,0
BRDA:14,3,1,0
BRDA:20,4,0,0
BRDA:20,4,1,0
BRDA:38,5,0,0
BRDA:38,5,1,0
BRDA:46,6,0,0
BRDA:46,6,1,0
BRDA:58,7,0,0
BRDA:58,7,1,0
BRDA:58,8,0,0
BRDA:58,8,1,0
BRF:19
BRH:4
end_of_record
TN:
SF:utils\logger.js
FN:5,(anonymous_0)
FN:14,(anonymous_1)
FN:20,(anonymous_2)
FN:25,(anonymous_3)
FN:30,(anonymous_4)
FN:35,(anonymous_5)
FN:59,(anonymous_6)
FN:68,(anonymous_7)
FN:74,(anonymous_8)
FN:80,(anonymous_9)
FN:87,(anonymous_10)
FN:95,(anonymous_11)
FN:98,(anonymous_12)
FN:121,(anonymous_13)
FN:131,(anonymous_14)
FN:136,(anonymous_15)
FNF:16
FNH:12
FNDA:2,(anonymous_0)
FNDA:2,(anonymous_1)
FNDA:18,(anonymous_2)
FNDA:13,(anonymous_3)
FNDA:13,(anonymous_4)
FNDA:16,(anonymous_5)
FNDA:16,(anonymous_6)
FNDA:7,(anonymous_7)
FNDA:3,(anonymous_8)
FNDA:3,(anonymous_9)
FNDA:0,(anonymous_10)
FNDA:10,(anonymous_11)
FNDA:10,(anonymous_12)
FNDA:0,(anonymous_13)
FNDA:0,(anonymous_14)
FNDA:0,(anonymous_15)
DA:1,2
DA:2,2
DA:6,2
DA:7,2
DA:8,2
DA:9,2
DA:10,2
DA:11,2
DA:15,2
DA:16,0
DA:21,18
DA:22,18
DA:26,13
DA:27,13
DA:31,13
DA:32,13
DA:36,16
DA:37,16
DA:40,16
DA:41,16
DA:42,16
DA:43,16
DA:44,0
DA:45,0
DA:50,0
DA:53,16
DA:55,0
DA:60,16
DA:61,16
DA:62,0
DA:63,0
DA:64,0
DA:69,7
DA:70,7
DA:71,7
DA:75,3
DA:76,3
DA:77,3
DA:81,3
DA:82,3
DA:83,3
DA:84,3
DA:88,0
DA:89,0
DA:90,0
DA:92,0
DA:96,10
DA:98,10
DA:99,10
DA:100,10
DA:109,10
DA:110,0
DA:111,10
DA:112,3
DA:114,7
DA:118,10
DA:122,0
DA:128,0
DA:132,0
DA:133,0
DA:134,0
DA:136,0
DA:137,0
DA:138,0
DA:139,0
DA:141,0
DA:142,0
DA:143,0
DA:147,0
DA:152,2
LF:70
LH:44
BRDA:15,0,0,0
BRDA:15,0,1,2
BRDA:30,1,0,0
BRDA:31,2,0,13
BRDA:31,2,1,0
BRDA:41,3,0,16
BRDA:41,3,1,0
BRDA:43,4,0,0
BRDA:43,4,1,16
BRDA:50,5,0,0
BRDA:50,5,1,0
BRDA:55,6,0,0
BRDA:55,6,1,0
BRDA:61,7,0,0
BRDA:61,7,1,16
BRDA:68,8,0,0
BRDA:74,9,0,0
BRDA:80,10,0,0
BRDA:87,11,0,0
BRDA:89,12,0,0
BRDA:89,12,1,0
BRDA:105,13,0,10
BRDA:105,13,1,0
BRDA:109,14,0,0
BRDA:109,14,1,10
BRDA:111,15,0,3
BRDA:111,15,1,7
BRDA:121,16,0,0
BRDA:131,17,0,0
BRDA:141,18,0,0
BRDA:141,18,1,0
BRF:31
BRH:9
end_of_record
TN:
SF:utils\monitor.js
FN:6,(anonymous_0)
FN:37,(anonymous_1)
FN:42,(anonymous_2)
FN:51,(anonymous_3)
FN:59,(anonymous_4)
FN:106,(anonymous_5)
FN:165,(anonymous_6)
FN:172,(anonymous_7)
FN:180,(anonymous_8)
FN:185,(anonymous_9)
FN:203,(anonymous_10)
FN:217,(anonymous_11)
FN:237,(anonymous_12)
FN:242,(anonymous_13)
FN:250,(anonymous_14)
FN:254,(anonymous_15)
FN:258,(anonymous_16)
FN:285,(anonymous_17)
FNF:18
FNH:4
FNDA:2,(anonymous_0)
FNDA:0,(anonymous_1)
FNDA:0,(anonymous_2)
FNDA:0,(anonymous_3)
FNDA:0,(anonymous_4)
FNDA:0,(anonymous_5)
FNDA:0,(anonymous_6)
FNDA:0,(anonymous_7)
FNDA:0,(anonymous_8)
FNDA:3,(anonymous_9)
FNDA:0,(anonymous_10)
FNDA:10,(anonymous_11)
FNDA:31,(anonymous_12)
FNDA:0,(anonymous_13)
FNDA:0,(anonymous_14)
FNDA:0,(anonymous_15)
FNDA:0,(anonymous_16)
FNDA:0,(anonymous_17)
DA:1,2
DA:2,2
DA:3,2
DA:7,2
DA:26,2
DA:33,2
DA:34,2
DA:38,0
DA:39,0
DA:42,0
DA:43,0
DA:44,0
DA:45,0
DA:48,0
DA:52,0
DA:53,0
DA:54,0
DA:55,0
DA:60,0
DA:61,0
DA:62,0
DA:64,0
DA:73,0
DA:74,0
DA:75,0
DA:77,0
DA:78,0
DA:79,0
DA:82,0
DA:83,0
DA:85,0
DA:89,0
DA:103,0
DA:107,0
DA:108,0
DA:110,0
DA:111,0
DA:119,0
DA:120,0
DA:128,0
DA:129,0
DA:137,0
DA:138,0
DA:146,0
DA:147,0
DA:155,0
DA:156,0
DA:164,0
DA:165,0
DA:166,0
DA:167,0
DA:173,0
DA:174,0
DA:176,0
DA:177,0
DA:180,0
DA:181,0
DA:186,3
DA:194,3
DA:196,3
DA:197,0
DA:200,3
DA:204,0
DA:205,0
DA:208,0
DA:209,0
DA:212,0
DA:213,0
DA:218,10
DA:220,10
DA:222,10
DA:223,7
DA:225,3
DA:226,3
DA:227,3
DA:231,10
DA:233,10
DA:234,0
DA:237,31
DA:239,10
DA:243,0
DA:251,0
DA:255,0
DA:259,0
DA:261,0
DA:286,0
DA:305,0
DA:306,0
DA:310,2
LF:89
LH:23
BRDA:37,0,0,0
BRDA:38,1,0,0
BRDA:38,1,1,0
BRDA:52,2,0,0
BRDA:52,2,1,0
BRDA:65,3,0,0
BRDA:65,3,1,0
BRDA:66,4,0,0
BRDA:66,4,1,0
BRDA:67,5,0,0
BRDA:67,5,1,0
BRDA:68,6,0,0
BRDA:68,6,1,0
BRDA:69,7,0,0
BRDA:69,7,1,0
BRDA:70,8,0,0
BRDA:70,8,1,0
BRDA:77,9,0,0
BRDA:77,9,1,0
BRDA:82,10,0,0
BRDA:82,10,1,0
BRDA:110,11,0,0
BRDA:110,11,1,0
BRDA:110,12,0,0
BRDA:110,12,1,0
BRDA:119,13,0,0
BRDA:119,13,1,0
BRDA:128,14,0,0
BRDA:128,14,1,0
BRDA:128,15,0,0
BRDA:128,15,1,0
BRDA:137,16,0,0
BRDA:137,16,1,0
BRDA:146,17,0,0
BRDA:146,17,1,0
BRDA:155,18,0,0
BRDA:155,18,1,0
BRDA:155,19,0,0
BRDA:155,19,1,0
BRDA:164,20,0,0
BRDA:164,20,1,0
BRDA:176,21,0,0
BRDA:176,21,1,0
BRDA:185,22,0,0
BRDA:196,23,0,0
BRDA:196,23,1,3
BRDA:204,24,0,0
BRDA:204,24,1,0
BRDA:208,25,0,0
BRDA:208,25,1,0
BRDA:212,26,0,0
BRDA:212,26,1,0
BRDA:217,27,0,0
BRDA:217,28,0,0
BRDA:222,29,0,7
BRDA:222,29,1,3
BRDA:226,30,0,3
BRDA:226,30,1,0
BRDA:233,31,0,0
BRDA:233,31,1,10
BRDA:250,32,0,0
BRDA:254,33,0,0
BRDA:265,34,0,0
BRDA:265,34,1,0
BRDA:270,35,0,0
BRDA:270,35,1,0
BRDA:275,36,0,0
BRDA:275,36,1,0
BRDA:276,37,0,0
BRDA:276,37,1,0
BRF:70
BRH:5
end_of_record
