TN:
SF:app.js
FN:34,getAllowedOrigins
FN:43,(anonymous_1)
FN:47,buildCorsOptions
FN:52,(anonymous_3)
FN:67,startCluster
FN:78,(anonymous_5)
FN:82,(anonymous_6)
FN:95,createApp
FN:105,(anonymous_8)
FN:106,(anonymous_9)
FN:115,(anonymous_10)
FN:132,(anonymous_11)
FN:149,(anonymous_12)
FN:168,(anonymous_13)
FN:177,(anonymous_14)
FN:187,(anonymous_15)
FN:196,(anonymous_16)
FN:201,(anonymous_17)
FN:230,(anonymous_18)
FN:243,(anonymous_19)
FN:255,(anonymous_20)
FN:258,(anonymous_21)
FN:261,(anonymous_22)
FNF:23
FNH:8
FNDA:3,getAllowedOrigins
FNDA:0,(anonymous_1)
FNDA:3,buildCorsOptions
FNDA:17,(anonymous_3)
FNDA:0,startCluster
FNDA:0,(anonymous_5)
FNDA:0,(anonymous_6)
FNDA:3,createApp
FNDA:17,(anonymous_8)
FNDA:0,(anonymous_9)
FNDA:17,(anonymous_10)
FNDA:1,(anonymous_11)
FNDA:0,(anonymous_12)
FNDA:0,(anonymous_13)
FNDA:0,(anonymous_14)
FNDA:0,(anonymous_15)
FNDA:1,(anonymous_16)
FNDA:0,(anonymous_17)
FNDA:0,(anonymous_18)
FNDA:0,(anonymous_19)
FNDA:0,(anonymous_20)
FNDA:0,(anonymous_21)
FNDA:0,(anonymous_22)
DA:1,3
DA:3,3
DA:4,3
DA:5,3
DA:6,3
DA:7,3
DA:9,3
DA:10,3
DA:11,3
DA:12,3
DA:14,3
DA:15,3
DA:16,3
DA:17,3
DA:18,3
DA:19,3
DA:20,3
DA:21,3
DA:22,3
DA:24,3
DA:25,3
DA:26,3
DA:27,3
DA:28,3
DA:29,3
DA:30,3
DA:31,3
DA:32,3
DA:35,3
DA:37,3
DA:38,3
DA:41,0
DA:43,0
DA:48,3
DA:49,3
DA:51,3
DA:53,17
DA:54,17
DA:55,17
DA:58,0
DA:68,0
DA:69,0
DA:72,0
DA:74,0
DA:75,0
DA:78,0
DA:79,0
DA:82,0
DA:83,0
DA:88,0
DA:91,0
DA:96,3
DA:98,3
DA:99,3
DA:100,3
DA:101,3
DA:102,3
DA:103,3
DA:105,3
DA:106,17
DA:107,0
DA:108,0
DA:112,17
DA:114,17
DA:115,17
DA:116,17
DA:119,17
DA:122,3
DA:123,3
DA:124,3
DA:125,3
DA:126,3
DA:127,3
DA:128,3
DA:129,3
DA:130,3
DA:132,3
DA:133,1
DA:134,1
DA:135,1
DA:141,0
DA:142,0
DA:149,3
DA:150,0
DA:151,0
DA:152,0
DA:153,0
DA:160,0
DA:161,0
DA:168,3
DA:169,0
DA:170,0
DA:172,0
DA:173,0
DA:177,3
DA:178,0
DA:179,0
DA:180,0
DA:182,0
DA:183,0
DA:187,3
DA:188,0
DA:189,0
DA:191,0
DA:192,0
DA:196,3
DA:197,1
DA:201,3
DA:202,0
DA:209,0
DA:210,0
DA:211,0
DA:214,0
DA:220,3
DA:224,3
DA:225,0
DA:228,0
DA:230,0
DA:231,0
DA:234,0
DA:235,0
DA:237,0
DA:241,0
DA:242,0
DA:243,0
DA:244,0
DA:245,0
DA:247,0
DA:251,0
DA:255,0
DA:256,0
DA:258,0
DA:261,0
DA:262,0
DA:263,0
DA:265,0
DA:271,3
LF:137
LH:74
BRDA:24,0,0,3
BRDA:24,0,1,0
BRDA:25,1,0,3
BRDA:25,1,1,3
BRDA:26,2,0,3
BRDA:26,2,1,3
BRDA:27,3,0,3
BRDA:27,3,1,3
BRDA:28,4,0,3
BRDA:28,4,1,3
BRDA:29,5,0,3
BRDA:29,5,1,3
BRDA:31,6,0,3
BRDA:31,6,1,0
BRDA:32,7,0,3
BRDA:32,7,1,0
BRDA:35,8,0,3
BRDA:35,8,1,3
BRDA:37,9,0,3
BRDA:37,9,1,0
BRDA:37,10,0,3
BRDA:37,10,1,0
BRDA:53,11,0,17
BRDA:53,11,1,0
BRDA:53,12,0,17
BRDA:53,12,1,0
BRDA:53,12,2,0
BRDA:68,13,0,0
BRDA:68,13,1,0
BRDA:68,14,0,0
BRDA:68,14,1,0
BRDA:107,15,0,0
BRDA:107,15,1,0
BRDA:116,16,0,6
BRDA:116,16,1,11
BRDA:179,17,0,0
BRDA:179,17,1,0
BRDA:209,18,0,0
BRDA:209,18,1,0
BRDA:214,19,0,0
BRDA:214,19,1,0
BRDA:216,20,0,0
BRDA:216,20,1,0
BRDA:224,21,0,0
BRDA:224,21,1,3
BRDA:224,22,0,3
BRDA:224,22,1,0
BRDA:263,23,0,0
BRDA:263,23,1,0
BRDA:263,23,2,0
BRDA:265,24,0,0
BRDA:265,24,1,0
BRF:52
BRH:23
end_of_record
TN:
SF:database\adapter.js
FN:4,(anonymous_0)
FN:8,(anonymous_1)
FN:12,(anonymous_2)
FN:16,(anonymous_3)
FN:17,(anonymous_4)
FN:26,(anonymous_5)
FN:29,(anonymous_6)
FN:43,(anonymous_7)
FN:44,(anonymous_8)
FN:45,(anonymous_9)
FN:57,(anonymous_10)
FN:58,(anonymous_11)
FN:70,(anonymous_12)
FN:86,(anonymous_13)
FN:92,(anonymous_14)
FN:116,(anonymous_15)
FN:125,(anonymous_16)
FN:134,(anonymous_17)
FN:135,(anonymous_18)
FN:144,(anonymous_19)
FNF:20
FNH:0
FNDA:0,(anonymous_0)
FNDA:0,(anonymous_1)
FNDA:0,(anonymous_2)
FNDA:0,(anonymous_3)
FNDA:0,(anonymous_4)
FNDA:0,(anonymous_5)
FNDA:0,(anonymous_6)
FNDA:0,(anonymous_7)
FNDA:0,(anonymous_8)
FNDA:0,(anonymous_9)
FNDA:0,(anonymous_10)
FNDA:0,(anonymous_11)
FNDA:0,(anonymous_12)
FNDA:0,(anonymous_13)
FNDA:0,(anonymous_14)
FNDA:0,(anonymous_15)
FNDA:0,(anonymous_16)
FNDA:0,(anonymous_17)
FNDA:0,(anonymous_18)
FNDA:0,(anonymous_19)
DA:1,1
DA:5,0
DA:9,0
DA:13,0
DA:17,0
DA:18,0
DA:19,0
DA:22,0
DA:23,0
DA:27,0
DA:28,0
DA:29,0
DA:30,0
DA:32,0
DA:33,0
DA:34,0
DA:36,0
DA:37,0
DA:39,0
DA:44,0
DA:45,0
DA:46,0
DA:47,0
DA:49,0
DA:50,0
DA:51,0
DA:53,0
DA:58,0
DA:59,0
DA:60,0
DA:62,0
DA:63,0
DA:64,0
DA:66,0
DA:71,0
DA:73,0
DA:74,0
DA:75,0
DA:76,0
DA:77,0
DA:79,0
DA:80,0
DA:82,0
DA:87,0
DA:88,0
DA:91,0
DA:92,0
DA:93,0
DA:95,0
DA:96,0
DA:97,0
DA:99,0
DA:100,0
DA:101,0
DA:102,0
DA:103,0
DA:106,0
DA:107,0
DA:109,0
DA:110,0
DA:112,0
DA:117,0
DA:118,0
DA:120,0
DA:121,0
DA:124,0
DA:125,0
DA:126,0
DA:127,0
DA:130,0
DA:131,0
DA:135,0
DA:136,0
DA:137,0
DA:140,0
DA:141,0
DA:145,0
DA:146,0
DA:150,1
LF:79
LH:2
BRDA:12,0,0,0
BRDA:12,1,0,0
BRDA:16,2,0,0
BRDA:16,3,0,0
BRDA:19,4,0,0
BRDA:19,4,1,0
BRDA:36,5,0,0
BRDA:36,5,1,0
BRDA:87,6,0,0
BRDA:87,6,1,0
BRDA:87,7,0,0
BRDA:87,7,1,0
BRDA:116,8,0,0
BRDA:116,9,0,0
BRDA:121,10,0,0
BRDA:121,10,1,0
BRDA:124,11,0,0
BRDA:124,11,1,0
BRDA:134,12,0,0
BRDA:137,13,0,0
BRDA:137,13,1,0
BRF:21
BRH:0
end_of_record
TN:
SF:database\connectionManager.js
FN:6,(anonymous_0)
FN:28,(anonymous_1)
FN:38,(anonymous_2)
FN:99,(anonymous_3)
FN:104,(anonymous_4)
FN:133,(anonymous_5)
FN:138,(anonymous_6)
FN:153,(anonymous_7)
FN:154,(anonymous_8)
FN:160,(anonymous_9)
FN:171,(anonymous_10)
FN:184,(anonymous_11)
FN:200,(anonymous_12)
FN:218,(anonymous_13)
FN:245,(anonymous_14)
FN:301,(anonymous_15)
FN:308,(anonymous_16)
FN:328,(anonymous_17)
FN:353,(anonymous_18)
FN:361,(anonymous_19)
FNF:20
FNH:1
FNDA:3,(anonymous_0)
FNDA:0,(anonymous_1)
FNDA:0,(anonymous_2)
FNDA:0,(anonymous_3)
FNDA:0,(anonymous_4)
FNDA:0,(anonymous_5)
FNDA:0,(anonymous_6)
FNDA:0,(anonymous_7)
FNDA:0,(anonymous_8)
FNDA:0,(anonymous_9)
FNDA:0,(anonymous_10)
FNDA:0,(anonymous_11)
FNDA:0,(anonymous_12)
FNDA:0,(anonymous_13)
FNDA:0,(anonymous_14)
FNDA:0,(anonymous_15)
FNDA:0,(anonymous_16)
FNDA:0,(anonymous_17)
FNDA:0,(anonymous_18)
FNDA:0,(anonymous_19)
DA:1,3
DA:2,3
DA:3,3
DA:7,3
DA:8,3
DA:9,3
DA:10,3
DA:11,3
DA:12,3
DA:13,3
DA:14,3
DA:15,3
DA:25,3
DA:29,0
DA:30,0
DA:31,0
DA:34,0
DA:35,0
DA:38,0
DA:39,0
DA:40,0
DA:42,0
DA:65,0
DA:66,0
DA:68,0
DA:69,0
DA:71,0
DA:72,0
DA:73,0
DA:75,0
DA:77,0
DA:78,0
DA:79,0
DA:81,0
DA:83,0
DA:88,0
DA:89,0
DA:90,0
DA:92,0
DA:96,0
DA:100,0
DA:101,0
DA:104,0
DA:105,0
DA:106,0
DA:107,0
DA:108,0
DA:109,0
DA:111,0
DA:112,0
DA:116,0
DA:117,0
DA:118,0
DA:119,0
DA:121,0
DA:122,0
DA:123,0
DA:125,0
DA:130,0
DA:134,0
DA:135,0
DA:138,0
DA:139,0
DA:140,0
DA:141,0
DA:142,0
DA:143,0
DA:146,0
DA:150,0
DA:154,0
DA:155,0
DA:156,0
DA:161,0
DA:162,0
DA:163,0
DA:165,0
DA:166,0
DA:167,0
DA:172,0
DA:173,0
DA:174,0
DA:177,0
DA:178,0
DA:180,0
DA:182,0
DA:184,0
DA:186,0
DA:187,0
DA:188,0
DA:190,0
DA:191,0
DA:192,0
DA:193,0
DA:195,0
DA:196,0
DA:201,0
DA:203,0
DA:204,0
DA:205,0
DA:206,0
DA:207,0
DA:208,0
DA:210,0
DA:211,0
DA:215,0
DA:219,0
DA:220,0
DA:221,0
DA:223,0
DA:224,0
DA:228,0
DA:229,0
DA:232,0
DA:233,0
DA:234,0
DA:235,0
DA:237,0
DA:238,0
DA:240,0
DA:241,0
DA:242,0
DA:245,0
DA:246,0
DA:248,0
DA:249,0
DA:256,0
DA:258,0
DA:259,0
DA:260,0
DA:262,0
DA:268,0
DA:279,0
DA:280,0
DA:281,0
DA:283,0
DA:284,0
DA:285,0
DA:287,0
DA:288,0
DA:289,0
DA:292,0
DA:293,0
DA:298,0
DA:301,0
DA:305,0
DA:309,0
DA:310,0
DA:311,0
DA:313,0
DA:320,0
DA:329,0
DA:330,0
DA:333,0
DA:334,0
DA:335,0
DA:336,0
DA:337,0
DA:339,0
DA:348,0
DA:349,0
DA:354,0
DA:362,0
DA:364,0
DA:365,0
DA:366,0
DA:367,0
DA:368,0
DA:370,0
DA:371,0
DA:372,0
DA:374,0
DA:379,3
LF:172
LH:14
BRDA:29,0,0,0
BRDA:29,0,1,0
BRDA:29,1,0,0
BRDA:29,1,1,0
BRDA:34,2,0,0
BRDA:34,2,1,0
BRDA:43,3,0,0
BRDA:43,3,1,0
BRDA:44,4,0,0
BRDA:44,4,1,0
BRDA:45,5,0,0
BRDA:45,5,1,0
BRDA:46,6,0,0
BRDA:46,6,1,0
BRDA:47,7,0,0
BRDA:47,7,1,0
BRDA:100,8,0,0
BRDA:100,8,1,0
BRDA:106,9,0,0
BRDA:106,9,1,0
BRDA:106,10,0,0
BRDA:106,10,1,0
BRDA:111,11,0,0
BRDA:111,11,1,0
BRDA:134,12,0,0
BRDA:134,12,1,0
BRDA:141,13,0,0
BRDA:141,13,1,0
BRDA:161,14,0,0
BRDA:161,14,1,0
BRDA:165,15,0,0
BRDA:165,15,1,0
BRDA:172,16,0,0
BRDA:172,16,1,0
BRDA:187,17,0,0
BRDA:187,17,1,0
BRDA:203,18,0,0
BRDA:203,18,1,0
BRDA:218,19,0,0
BRDA:218,20,0,0
BRDA:219,21,0,0
BRDA:219,21,1,0
BRDA:241,22,0,0
BRDA:241,22,1,0
BRDA:248,23,0,0
BRDA:248,23,1,0
BRDA:279,24,0,0
BRDA:279,24,1,0
BRDA:288,25,0,0
BRDA:288,25,1,0
BRDA:292,26,0,0
BRDA:292,26,1,0
BRDA:329,27,0,0
BRDA:329,27,1,0
BRDA:340,28,0,0
BRDA:340,28,1,0
BRDA:341,29,0,0
BRDA:341,29,1,0
BRF:58
BRH:0
end_of_record
TN:
SF:database\database.js
FN:5,(anonymous_0)
FN:10,(anonymous_1)
FN:13,(anonymous_2)
FN:17,(anonymous_3)
FN:22,(anonymous_4)
FN:27,(anonymous_5)
FN:32,(anonymous_6)
FN:46,(anonymous_7)
FN:58,(anonymous_8)
FN:63,(anonymous_9)
FN:67,(anonymous_10)
FN:72,(anonymous_11)
FN:84,(anonymous_12)
FN:97,(anonymous_13)
FN:102,(anonymous_14)
FN:106,(anonymous_15)
FN:110,(anonymous_16)
FN:115,(anonymous_17)
FN:129,(anonymous_18)
FN:144,(anonymous_19)
FN:149,(anonymous_20)
FN:163,(anonymous_21)
FN:183,(anonymous_22)
FN:188,(anonymous_23)
FN:193,(anonymous_24)
FN:198,(anonymous_25)
FN:202,(anonymous_26)
FN:207,(anonymous_27)
FN:221,(anonymous_28)
FN:232,(anonymous_29)
FN:237,(anonymous_30)
FN:241,(anonymous_31)
FN:246,(anonymous_32)
FN:260,(anonymous_33)
FN:274,(anonymous_34)
FN:279,(anonymous_35)
FN:283,(anonymous_36)
FN:288,(anonymous_37)
FN:301,(anonymous_38)
FN:314,(anonymous_39)
FN:319,(anonymous_40)
FN:323,(anonymous_41)
FN:339,(anonymous_42)
FN:344,(anonymous_43)
FN:348,(anonymous_44)
FN:353,(anonymous_45)
FN:366,(anonymous_46)
FN:380,(anonymous_47)
FN:385,(anonymous_48)
FN:389,(anonymous_49)
FN:401,(anonymous_50)
FN:409,(anonymous_51)
FN:413,(anonymous_52)
FN:418,(anonymous_53)
FN:434,(anonymous_54)
FN:449,(anonymous_55)
FN:454,(anonymous_56)
FN:462,(anonymous_57)
FN:466,(anonymous_58)
FN:471,(anonymous_59)
FN:484,(anonymous_60)
FN:496,(anonymous_61)
FN:501,(anonymous_62)
FN:509,(anonymous_63)
FN:513,(anonymous_64)
FN:523,(anonymous_65)
FN:528,(anonymous_66)
FN:533,(anonymous_67)
FN:543,(anonymous_68)
FN:548,(anonymous_69)
FN:576,(anonymous_70)
FN:584,(anonymous_71)
FNF:72
FNH:0
FNDA:0,(anonymous_0)
FNDA:0,(anonymous_1)
FNDA:0,(anonymous_2)
FNDA:0,(anonymous_3)
FNDA:0,(anonymous_4)
FNDA:0,(anonymous_5)
FNDA:0,(anonymous_6)
FNDA:0,(anonymous_7)
FNDA:0,(anonymous_8)
FNDA:0,(anonymous_9)
FNDA:0,(anonymous_10)
FNDA:0,(anonymous_11)
FNDA:0,(anonymous_12)
FNDA:0,(anonymous_13)
FNDA:0,(anonymous_14)
FNDA:0,(anonymous_15)
FNDA:0,(anonymous_16)
FNDA:0,(anonymous_17)
FNDA:0,(anonymous_18)
FNDA:0,(anonymous_19)
FNDA:0,(anonymous_20)
FNDA:0,(anonymous_21)
FNDA:0,(anonymous_22)
FNDA:0,(anonymous_23)
FNDA:0,(anonymous_24)
FNDA:0,(anonymous_25)
FNDA:0,(anonymous_26)
FNDA:0,(anonymous_27)
FNDA:0,(anonymous_28)
FNDA:0,(anonymous_29)
FNDA:0,(anonymous_30)
FNDA:0,(anonymous_31)
FNDA:0,(anonymous_32)
FNDA:0,(anonymous_33)
FNDA:0,(anonymous_34)
FNDA:0,(anonymous_35)
FNDA:0,(anonymous_36)
FNDA:0,(anonymous_37)
FNDA:0,(anonymous_38)
FNDA:0,(anonymous_39)
FNDA:0,(anonymous_40)
FNDA:0,(anonymous_41)
FNDA:0,(anonymous_42)
FNDA:0,(anonymous_43)
FNDA:0,(anonymous_44)
FNDA:0,(anonymous_45)
FNDA:0,(anonymous_46)
FNDA:0,(anonymous_47)
FNDA:0,(anonymous_48)
FNDA:0,(anonymous_49)
FNDA:0,(anonymous_50)
FNDA:0,(anonymous_51)
FNDA:0,(anonymous_52)
FNDA:0,(anonymous_53)
FNDA:0,(anonymous_54)
FNDA:0,(anonymous_55)
FNDA:0,(anonymous_56)
FNDA:0,(anonymous_57)
FNDA:0,(anonymous_58)
FNDA:0,(anonymous_59)
FNDA:0,(anonymous_60)
FNDA:0,(anonymous_61)
FNDA:0,(anonymous_62)
FNDA:0,(anonymous_63)
FNDA:0,(anonymous_64)
FNDA:0,(anonymous_65)
FNDA:0,(anonymous_66)
FNDA:0,(anonymous_67)
FNDA:0,(anonymous_68)
FNDA:0,(anonymous_69)
FNDA:0,(anonymous_70)
FNDA:0,(anonymous_71)
DA:1,1
DA:2,1
DA:6,0
DA:7,0
DA:11,0
DA:14,0
DA:18,0
DA:19,0
DA:23,0
DA:24,0
DA:28,0
DA:29,0
DA:33,0
DA:43,0
DA:47,0
DA:48,0
DA:49,0
DA:50,0
DA:51,0
DA:52,0
DA:54,0
DA:55,0
DA:59,0
DA:60,0
DA:64,0
DA:68,0
DA:69,0
DA:73,0
DA:81,0
DA:85,0
DA:86,0
DA:87,0
DA:88,0
DA:89,0
DA:90,0
DA:91,0
DA:93,0
DA:94,0
DA:98,0
DA:99,0
DA:103,0
DA:107,0
DA:111,0
DA:112,0
DA:116,0
DA:126,0
DA:130,0
DA:131,0
DA:132,0
DA:133,0
DA:134,0
DA:135,0
DA:136,0
DA:137,0
DA:138,0
DA:140,0
DA:141,0
DA:145,0
DA:146,0
DA:150,0
DA:164,0
DA:165,0
DA:170,0
DA:172,0
DA:173,0
DA:177,0
DA:179,0
DA:184,0
DA:185,0
DA:189,0
DA:190,0
DA:194,0
DA:195,0
DA:199,0
DA:203,0
DA:204,0
DA:208,0
DA:218,0
DA:222,0
DA:223,0
DA:224,0
DA:225,0
DA:226,0
DA:228,0
DA:229,0
DA:233,0
DA:234,0
DA:238,0
DA:242,0
DA:243,0
DA:247,0
DA:257,0
DA:261,0
DA:262,0
DA:263,0
DA:264,0
DA:265,0
DA:266,0
DA:267,0
DA:268,0
DA:270,0
DA:271,0
DA:275,0
DA:276,0
DA:280,0
DA:284,0
DA:285,0
DA:289,0
DA:298,0
DA:302,0
DA:303,0
DA:304,0
DA:305,0
DA:306,0
DA:307,0
DA:308,0
DA:310,0
DA:311,0
DA:315,0
DA:316,0
DA:320,0
DA:324,0
DA:325,0
DA:330,0
DA:332,0
DA:333,0
DA:335,0
DA:340,0
DA:341,0
DA:345,0
DA:349,0
DA:350,0
DA:354,0
DA:363,0
DA:367,0
DA:368,0
DA:369,0
DA:370,0
DA:371,0
DA:372,0
DA:373,0
DA:374,0
DA:376,0
DA:377,0
DA:381,0
DA:382,0
DA:386,0
DA:390,0
DA:398,0
DA:402,0
DA:403,0
DA:405,0
DA:406,0
DA:410,0
DA:414,0
DA:415,0
DA:419,0
DA:431,0
DA:435,0
DA:436,0
DA:437,0
DA:438,0
DA:439,0
DA:440,0
DA:441,0
DA:442,0
DA:443,0
DA:445,0
DA:446,0
DA:450,0
DA:451,0
DA:455,0
DA:459,0
DA:463,0
DA:467,0
DA:468,0
DA:472,0
DA:481,0
DA:485,0
DA:486,0
DA:487,0
DA:488,0
DA:489,0
DA:490,0
DA:492,0
DA:493,0
DA:497,0
DA:498,0
DA:502,0
DA:506,0
DA:510,0
DA:514,0
DA:520,0
DA:524,0
DA:525,0
DA:529,0
DA:530,0
DA:534,0
DA:540,0
DA:544,0
DA:545,0
DA:549,0
DA:550,0
DA:551,0
DA:552,0
DA:553,0
DA:554,0
DA:555,0
DA:556,0
DA:557,0
DA:558,0
DA:559,0
DA:561,0
DA:577,0
DA:585,0
DA:592,1
LF:216
LH:3
BRDA:13,0,0,0
BRDA:19,1,0,0
BRDA:19,1,1,0
BRDA:24,2,0,0
BRDA:24,2,1,0
BRDA:29,3,0,0
BRDA:29,3,1,0
BRDA:40,4,0,0
BRDA:40,4,1,0
BRDA:41,5,0,0
BRDA:41,5,1,0
BRDA:48,6,0,0
BRDA:48,6,1,0
BRDA:49,7,0,0
BRDA:49,7,1,0
BRDA:50,8,0,0
BRDA:50,8,1,0
BRDA:51,9,0,0
BRDA:51,9,1,0
BRDA:52,10,0,0
BRDA:52,10,1,0
BRDA:63,11,0,0
BRDA:69,12,0,0
BRDA:69,12,1,0
BRDA:79,13,0,0
BRDA:79,13,1,0
BRDA:86,14,0,0
BRDA:86,14,1,0
BRDA:87,15,0,0
BRDA:87,15,1,0
BRDA:88,16,0,0
BRDA:88,16,1,0
BRDA:89,17,0,0
BRDA:89,17,1,0
BRDA:90,18,0,0
BRDA:90,18,1,0
BRDA:91,19,0,0
BRDA:91,19,1,0
BRDA:102,20,0,0
BRDA:106,21,0,0
BRDA:112,22,0,0
BRDA:112,22,1,0
BRDA:124,23,0,0
BRDA:124,23,1,0
BRDA:131,24,0,0
BRDA:131,24,1,0
BRDA:132,25,0,0
BRDA:132,25,1,0
BRDA:133,26,0,0
BRDA:133,26,1,0
BRDA:134,27,0,0
BRDA:134,27,1,0
BRDA:135,28,0,0
BRDA:135,28,1,0
BRDA:136,29,0,0
BRDA:136,29,1,0
BRDA:137,30,0,0
BRDA:137,30,1,0
BRDA:138,31,0,0
BRDA:138,31,1,0
BRDA:172,32,0,0
BRDA:172,32,1,0
BRDA:198,33,0,0
BRDA:204,34,0,0
BRDA:204,34,1,0
BRDA:216,35,0,0
BRDA:216,35,1,0
BRDA:223,36,0,0
BRDA:223,36,1,0
BRDA:224,37,0,0
BRDA:224,37,1,0
BRDA:225,38,0,0
BRDA:225,38,1,0
BRDA:226,39,0,0
BRDA:226,39,1,0
BRDA:237,40,0,0
BRDA:243,41,0,0
BRDA:243,41,1,0
BRDA:255,42,0,0
BRDA:255,42,1,0
BRDA:262,43,0,0
BRDA:262,43,1,0
BRDA:263,44,0,0
BRDA:263,44,1,0
BRDA:264,45,0,0
BRDA:264,45,1,0
BRDA:265,46,0,0
BRDA:265,46,1,0
BRDA:266,47,0,0
BRDA:266,47,1,0
BRDA:267,48,0,0
BRDA:267,48,1,0
BRDA:268,49,0,0
BRDA:268,49,1,0
BRDA:279,50,0,0
BRDA:285,51,0,0
BRDA:285,51,1,0
BRDA:295,52,0,0
BRDA:295,52,1,0
BRDA:296,53,0,0
BRDA:296,53,1,0
BRDA:303,54,0,0
BRDA:303,54,1,0
BRDA:304,55,0,0
BRDA:304,55,1,0
BRDA:305,56,0,0
BRDA:305,56,1,0
BRDA:306,57,0,0
BRDA:306,57,1,0
BRDA:307,58,0,0
BRDA:307,58,1,0
BRDA:308,59,0,0
BRDA:308,59,1,0
BRDA:332,60,0,0
BRDA:332,60,1,0
BRDA:344,61,0,0
BRDA:350,62,0,0
BRDA:350,62,1,0
BRDA:360,63,0,0
BRDA:360,63,1,0
BRDA:361,64,0,0
BRDA:361,64,1,0
BRDA:368,65,0,0
BRDA:368,65,1,0
BRDA:369,66,0,0
BRDA:369,66,1,0
BRDA:370,67,0,0
BRDA:370,67,1,0
BRDA:371,68,0,0
BRDA:371,68,1,0
BRDA:372,69,0,0
BRDA:372,69,1,0
BRDA:373,70,0,0
BRDA:373,70,1,0
BRDA:374,71,0,0
BRDA:374,71,1,0
BRDA:385,72,0,0
BRDA:396,73,0,0
BRDA:396,73,1,0
BRDA:403,74,0,0
BRDA:403,74,1,0
BRDA:409,75,0,0
BRDA:415,76,0,0
BRDA:415,76,1,0
BRDA:429,77,0,0
BRDA:429,77,1,0
BRDA:436,78,0,0
BRDA:436,78,1,0
BRDA:437,79,0,0
BRDA:437,79,1,0
BRDA:438,80,0,0
BRDA:438,80,1,0
BRDA:439,81,0,0
BRDA:439,81,1,0
BRDA:440,82,0,0
BRDA:440,82,1,0
BRDA:441,83,0,0
BRDA:441,83,1,0
BRDA:442,84,0,0
BRDA:442,84,1,0
BRDA:443,85,0,0
BRDA:443,85,1,0
BRDA:462,86,0,0
BRDA:468,87,0,0
BRDA:468,87,1,0
BRDA:478,88,0,0
BRDA:478,88,1,0
BRDA:479,89,0,0
BRDA:479,89,1,0
BRDA:486,90,0,0
BRDA:486,90,1,0
BRDA:487,91,0,0
BRDA:487,91,1,0
BRDA:488,92,0,0
BRDA:488,92,1,0
BRDA:489,93,0,0
BRDA:489,93,1,0
BRDA:490,94,0,0
BRDA:490,94,1,0
BRDA:528,95,0,0
BRDA:530,96,0,0
BRDA:530,96,1,0
BRDA:576,97,0,0
BRDA:584,98,0,0
BRF:184
BRH:0
end_of_record
TN:
SF:middleware\auth.js
FN:3,(anonymous_0)
FN:25,(anonymous_1)
FNF:2
FNH:0
FNDA:0,(anonymous_0)
FNDA:0,(anonymous_1)
DA:1,2
DA:3,2
DA:4,0
DA:5,0
DA:7,0
DA:8,0
DA:14,0
DA:15,0
DA:16,0
DA:18,0
DA:25,2
DA:26,0
DA:27,0
DA:32,0
DA:35,2
LF:15
LH:4
BRDA:7,0,0,0
BRDA:7,0,1,0
BRDA:26,1,0,0
BRDA:26,1,1,0
BRF:4
BRH:0
end_of_record
TN:
SF:routes\admin.js
FN:9,(anonymous_0)
FN:19,(anonymous_1)
FN:25,(anonymous_2)
FN:31,(anonymous_3)
FN:49,(anonymous_4)
FN:70,(anonymous_5)
FN:86,(anonymous_6)
FN:110,(anonymous_7)
FN:134,(anonymous_8)
FN:149,(anonymous_9)
FN:152,(anonymous_10)
FN:163,(anonymous_11)
FN:185,(anonymous_12)
FN:206,(anonymous_13)
FN:219,(anonymous_14)
FN:226,(anonymous_15)
FN:240,(anonymous_16)
FN:266,(anonymous_17)
FN:290,(anonymous_18)
FN:303,(anonymous_19)
FN:308,(anonymous_20)
FN:318,(anonymous_21)
FN:337,(anonymous_22)
FN:350,(anonymous_23)
FN:355,(anonymous_24)
FN:365,(anonymous_25)
FN:389,(anonymous_26)
FN:402,(anonymous_27)
FN:407,(anonymous_28)
FN:417,(anonymous_29)
FN:436,(anonymous_30)
FN:449,(anonymous_31)
FN:454,(anonymous_32)
FN:464,(anonymous_33)
FN:483,(anonymous_34)
FN:496,(anonymous_35)
FN:503,(anonymous_36)
FN:513,(anonymous_37)
FN:533,(anonymous_38)
FN:538,(anonymous_39)
FN:554,(anonymous_40)
FN:581,(anonymous_41)
FN:607,(anonymous_42)
FN:620,(anonymous_43)
FN:625,(anonymous_44)
FN:645,(anonymous_45)
FNF:46
FNH:0
FNDA:0,(anonymous_0)
FNDA:0,(anonymous_1)
FNDA:0,(anonymous_2)
FNDA:0,(anonymous_3)
FNDA:0,(anonymous_4)
FNDA:0,(anonymous_5)
FNDA:0,(anonymous_6)
FNDA:0,(anonymous_7)
FNDA:0,(anonymous_8)
FNDA:0,(anonymous_9)
FNDA:0,(anonymous_10)
FNDA:0,(anonymous_11)
FNDA:0,(anonymous_12)
FNDA:0,(anonymous_13)
FNDA:0,(anonymous_14)
FNDA:0,(anonymous_15)
FNDA:0,(anonymous_16)
FNDA:0,(anonymous_17)
FNDA:0,(anonymous_18)
FNDA:0,(anonymous_19)
FNDA:0,(anonymous_20)
FNDA:0,(anonymous_21)
FNDA:0,(anonymous_22)
FNDA:0,(anonymous_23)
FNDA:0,(anonymous_24)
FNDA:0,(anonymous_25)
FNDA:0,(anonymous_26)
FNDA:0,(anonymous_27)
FNDA:0,(anonymous_28)
FNDA:0,(anonymous_29)
FNDA:0,(anonymous_30)
FNDA:0,(anonymous_31)
FNDA:0,(anonymous_32)
FNDA:0,(anonymous_33)
FNDA:0,(anonymous_34)
FNDA:0,(anonymous_35)
FNDA:0,(anonymous_36)
FNDA:0,(anonymous_37)
FNDA:0,(anonymous_38)
FNDA:0,(anonymous_39)
FNDA:0,(anonymous_40)
FNDA:0,(anonymous_41)
FNDA:0,(anonymous_42)
FNDA:0,(anonymous_43)
FNDA:0,(anonymous_44)
FNDA:0,(anonymous_45)
DA:1,2
DA:2,2
DA:3,2
DA:4,2
DA:5,2
DA:7,2
DA:9,2
DA:10,0
DA:11,0
DA:12,0
DA:14,0
DA:15,0
DA:19,2
DA:20,0
DA:21,0
DA:22,0
DA:23,0
DA:24,0
DA:25,0
DA:26,0
DA:31,0
DA:40,0
DA:42,0
DA:43,0
DA:47,2
DA:50,0
DA:51,0
DA:52,0
DA:55,0
DA:56,0
DA:57,0
DA:58,0
DA:59,0
DA:60,0
DA:62,0
DA:63,0
DA:65,0
DA:66,0
DA:70,2
DA:71,0
DA:72,0
DA:73,0
DA:74,0
DA:75,0
DA:77,0
DA:78,0
DA:82,2
DA:87,0
DA:88,0
DA:89,0
DA:92,0
DA:93,0
DA:94,0
DA:102,0
DA:103,0
DA:105,0
DA:106,0
DA:110,2
DA:111,0
DA:112,0
DA:113,0
DA:114,0
DA:115,0
DA:116,0
DA:118,0
DA:126,0
DA:127,0
DA:129,0
DA:130,0
DA:134,2
DA:135,0
DA:136,0
DA:137,0
DA:138,0
DA:139,0
DA:141,0
DA:142,0
DA:144,0
DA:145,0
DA:149,2
DA:150,0
DA:151,0
DA:152,0
DA:153,0
DA:155,0
DA:156,0
DA:160,2
DA:164,0
DA:165,0
DA:166,0
DA:169,0
DA:170,0
DA:171,0
DA:176,0
DA:177,0
DA:178,0
DA:180,0
DA:181,0
DA:185,2
DA:186,0
DA:187,0
DA:189,0
DA:190,0
DA:191,0
DA:192,0
DA:193,0
DA:194,0
DA:195,0
DA:196,0
DA:197,0
DA:198,0
DA:199,0
DA:201,0
DA:202,0
DA:206,2
DA:207,0
DA:208,0
DA:209,0
DA:210,0
DA:211,0
DA:212,0
DA:214,0
DA:215,0
DA:219,2
DA:220,0
DA:221,0
DA:222,0
DA:223,0
DA:224,0
DA:225,0
DA:226,0
DA:227,0
DA:229,0
DA:230,0
DA:234,2
DA:241,0
DA:242,0
DA:243,0
DA:246,0
DA:247,0
DA:248,0
DA:258,0
DA:259,0
DA:261,0
DA:262,0
DA:266,2
DA:267,0
DA:268,0
DA:269,0
DA:270,0
DA:271,0
DA:272,0
DA:282,0
DA:283,0
DA:285,0
DA:286,0
DA:290,2
DA:291,0
DA:292,0
DA:293,0
DA:294,0
DA:295,0
DA:296,0
DA:298,0
DA:299,0
DA:303,2
DA:304,0
DA:305,0
DA:306,0
DA:307,0
DA:308,0
DA:309,0
DA:311,0
DA:312,0
DA:316,2
DA:319,0
DA:320,0
DA:321,0
DA:323,0
DA:324,0
DA:325,0
DA:326,0
DA:327,0
DA:328,0
DA:329,0
DA:330,0
DA:332,0
DA:333,0
DA:337,2
DA:338,0
DA:339,0
DA:340,0
DA:341,0
DA:342,0
DA:343,0
DA:345,0
DA:346,0
DA:350,2
DA:351,0
DA:352,0
DA:353,0
DA:354,0
DA:355,0
DA:356,0
DA:358,0
DA:359,0
DA:363,2
DA:366,0
DA:367,0
DA:368,0
DA:370,0
DA:371,0
DA:372,0
DA:373,0
DA:374,0
DA:375,0
DA:376,0
DA:377,0
DA:382,0
DA:384,0
DA:385,0
DA:389,2
DA:390,0
DA:391,0
DA:392,0
DA:393,0
DA:394,0
DA:395,0
DA:397,0
DA:398,0
DA:402,2
DA:403,0
DA:404,0
DA:405,0
DA:406,0
DA:407,0
DA:408,0
DA:410,0
DA:411,0
DA:415,2
DA:418,0
DA:419,0
DA:420,0
DA:422,0
DA:423,0
DA:424,0
DA:425,0
DA:426,0
DA:427,0
DA:428,0
DA:429,0
DA:431,0
DA:432,0
DA:436,2
DA:437,0
DA:438,0
DA:439,0
DA:440,0
DA:441,0
DA:442,0
DA:444,0
DA:445,0
DA:449,2
DA:450,0
DA:451,0
DA:452,0
DA:453,0
DA:454,0
DA:455,0
DA:457,0
DA:458,0
DA:462,2
DA:465,0
DA:466,0
DA:467,0
DA:469,0
DA:470,0
DA:471,0
DA:472,0
DA:473,0
DA:474,0
DA:475,0
DA:476,0
DA:478,0
DA:479,0
DA:483,2
DA:484,0
DA:485,0
DA:486,0
DA:487,0
DA:488,0
DA:489,0
DA:491,0
DA:492,0
DA:496,2
DA:497,0
DA:498,0
DA:499,0
DA:500,0
DA:501,0
DA:502,0
DA:503,0
DA:504,0
DA:506,0
DA:507,0
DA:511,2
DA:514,0
DA:515,0
DA:516,0
DA:518,0
DA:519,0
DA:520,0
DA:521,0
DA:522,0
DA:523,0
DA:524,0
DA:525,0
DA:527,0
DA:528,0
DA:533,2
DA:534,0
DA:535,0
DA:536,0
DA:537,0
DA:538,0
DA:542,0
DA:544,0
DA:545,0
DA:549,2
DA:555,0
DA:556,0
DA:557,0
DA:559,0
DA:560,0
DA:561,0
DA:570,0
DA:571,0
DA:576,0
DA:577,0
DA:581,2
DA:582,0
DA:583,0
DA:584,0
DA:585,0
DA:586,0
DA:587,0
DA:596,0
DA:597,0
DA:602,0
DA:603,0
DA:607,2
DA:608,0
DA:609,0
DA:610,0
DA:611,0
DA:612,0
DA:613,0
DA:615,0
DA:616,0
DA:620,2
DA:621,0
DA:622,0
DA:625,0
DA:636,0
DA:638,0
DA:639,0
DA:643,2
DA:646,0
DA:647,0
DA:648,0
DA:650,0
DA:651,0
DA:652,0
DA:653,0
DA:654,0
DA:656,0
DA:657,0
DA:661,2
LF:378
LH:42
BRDA:23,0,0,0
BRDA:23,0,1,0
BRDA:26,1,0,0
BRDA:26,1,1,0
BRDA:26,1,2,0
BRDA:26,1,3,0
BRDA:26,1,4,0
BRDA:26,1,5,0
BRDA:51,2,0,0
BRDA:51,2,1,0
BRDA:59,3,0,0
BRDA:59,3,1,0
BRDA:73,4,0,0
BRDA:73,4,1,0
BRDA:88,5,0,0
BRDA:88,5,1,0
BRDA:97,6,0,0
BRDA:97,6,1,0
BRDA:98,7,0,0
BRDA:98,7,1,0
BRDA:115,8,0,0
BRDA:115,8,1,0
BRDA:119,9,0,0
BRDA:119,9,1,0
BRDA:120,10,0,0
BRDA:120,10,1,0
BRDA:121,11,0,0
BRDA:121,11,1,0
BRDA:122,12,0,0
BRDA:122,12,1,0
BRDA:123,13,0,0
BRDA:123,13,1,0
BRDA:124,14,0,0
BRDA:124,14,1,0
BRDA:138,15,0,0
BRDA:138,15,1,0
BRDA:165,16,0,0
BRDA:165,16,1,0
BRDA:174,17,0,0
BRDA:174,17,1,0
BRDA:191,18,0,0
BRDA:191,18,1,0
BRDA:191,19,0,0
BRDA:191,19,1,0
BRDA:193,20,0,0
BRDA:193,20,1,0
BRDA:194,21,0,0
BRDA:194,21,1,0
BRDA:195,22,0,0
BRDA:195,22,1,0
BRDA:196,23,0,0
BRDA:196,23,1,0
BRDA:210,24,0,0
BRDA:210,24,1,0
BRDA:210,25,0,0
BRDA:210,25,1,0
BRDA:223,26,0,0
BRDA:223,26,1,0
BRDA:224,27,0,0
BRDA:224,27,1,0
BRDA:242,28,0,0
BRDA:242,28,1,0
BRDA:253,29,0,0
BRDA:253,29,1,0
BRDA:254,30,0,0
BRDA:254,30,1,0
BRDA:255,31,0,0
BRDA:255,31,1,0
BRDA:271,32,0,0
BRDA:271,32,1,0
BRDA:273,33,0,0
BRDA:273,33,1,0
BRDA:274,34,0,0
BRDA:274,34,1,0
BRDA:275,35,0,0
BRDA:275,35,1,0
BRDA:276,36,0,0
BRDA:276,36,1,0
BRDA:277,37,0,0
BRDA:277,37,1,0
BRDA:278,38,0,0
BRDA:278,38,1,0
BRDA:279,39,0,0
BRDA:279,39,1,0
BRDA:280,40,0,0
BRDA:280,40,1,0
BRDA:294,41,0,0
BRDA:294,41,1,0
BRDA:306,42,0,0
BRDA:306,42,1,0
BRDA:320,43,0,0
BRDA:320,43,1,0
BRDA:327,44,0,0
BRDA:327,44,1,0
BRDA:341,45,0,0
BRDA:341,45,1,0
BRDA:353,46,0,0
BRDA:353,46,1,0
BRDA:355,47,0,0
BRDA:355,47,1,0
BRDA:355,48,0,0
BRDA:355,48,1,0
BRDA:367,49,0,0
BRDA:367,49,1,0
BRDA:374,50,0,0
BRDA:374,50,1,0
BRDA:380,51,0,0
BRDA:380,51,1,0
BRDA:380,52,0,0
BRDA:380,52,1,0
BRDA:380,53,0,0
BRDA:380,53,1,0
BRDA:393,54,0,0
BRDA:393,54,1,0
BRDA:405,55,0,0
BRDA:405,55,1,0
BRDA:419,56,0,0
BRDA:419,56,1,0
BRDA:426,57,0,0
BRDA:426,57,1,0
BRDA:440,58,0,0
BRDA:440,58,1,0
BRDA:452,59,0,0
BRDA:452,59,1,0
BRDA:454,60,0,0
BRDA:454,60,1,0
BRDA:454,61,0,0
BRDA:454,61,1,0
BRDA:466,62,0,0
BRDA:466,62,1,0
BRDA:473,63,0,0
BRDA:473,63,1,0
BRDA:487,64,0,0
BRDA:487,64,1,0
BRDA:500,65,0,0
BRDA:500,65,1,0
BRDA:501,66,0,0
BRDA:501,66,1,0
BRDA:503,67,0,0
BRDA:503,67,1,0
BRDA:503,68,0,0
BRDA:503,68,1,0
BRDA:515,69,0,0
BRDA:515,69,1,0
BRDA:522,70,0,0
BRDA:522,70,1,0
BRDA:525,71,0,0
BRDA:525,71,1,0
BRDA:525,72,0,0
BRDA:525,72,1,0
BRDA:536,73,0,0
BRDA:536,73,1,0
BRDA:540,74,0,0
BRDA:540,74,1,0
BRDA:540,75,0,0
BRDA:540,75,1,0
BRDA:556,76,0,0
BRDA:556,76,1,0
BRDA:566,77,0,0
BRDA:566,77,1,0
BRDA:567,78,0,0
BRDA:567,78,1,0
BRDA:567,79,0,0
BRDA:567,79,1,0
BRDA:573,80,0,0
BRDA:573,80,1,0
BRDA:573,81,0,0
BRDA:573,81,1,0
BRDA:586,82,0,0
BRDA:586,82,1,0
BRDA:588,83,0,0
BRDA:588,83,1,0
BRDA:589,84,0,0
BRDA:589,84,1,0
BRDA:590,85,0,0
BRDA:590,85,1,0
BRDA:591,86,0,0
BRDA:591,86,1,0
BRDA:592,87,0,0
BRDA:592,87,1,0
BRDA:593,88,0,0
BRDA:593,88,1,0
BRDA:593,89,0,0
BRDA:593,89,1,0
BRDA:593,90,0,0
BRDA:593,90,1,0
BRDA:594,91,0,0
BRDA:594,91,1,0
BRDA:599,92,0,0
BRDA:599,92,1,0
BRDA:599,93,0,0
BRDA:599,93,1,0
BRDA:611,94,0,0
BRDA:611,94,1,0
BRDA:625,95,0,0
BRDA:625,95,1,0
BRDA:647,96,0,0
BRDA:647,96,1,0
BRF:198
BRH:0
end_of_record
TN:
SF:routes\auth.js
FN:11,(anonymous_0)
FN:16,(anonymous_1)
FN:21,(anonymous_2)
FN:25,(anonymous_3)
FN:36,(anonymous_4)
FN:83,(anonymous_5)
FN:153,(anonymous_6)
FN:207,(anonymous_7)
FN:231,(anonymous_8)
FNF:9
FNH:5
FNDA:3,(anonymous_0)
FNDA:0,(anonymous_1)
FNDA:0,(anonymous_2)
FNDA:7,(anonymous_3)
FNDA:4,(anonymous_4)
FNDA:2,(anonymous_5)
FNDA:1,(anonymous_6)
FNDA:0,(anonymous_7)
FNDA:0,(anonymous_8)
DA:1,3
DA:2,3
DA:3,3
DA:4,3
DA:5,3
DA:6,3
DA:7,3
DA:9,3
DA:11,3
DA:12,3
DA:13,3
DA:16,3
DA:17,0
DA:18,0
DA:21,3
DA:22,0
DA:25,3
DA:26,7
DA:27,7
DA:33,3
DA:37,4
DA:38,4
DA:39,1
DA:42,3
DA:44,3
DA:45,3
DA:48,0
DA:49,0
DA:52,0
DA:53,0
DA:54,0
DA:57,0
DA:58,0
DA:60,0
DA:62,0
DA:70,0
DA:76,3
DA:84,2
DA:85,2
DA:86,2
DA:89,0
DA:91,0
DA:92,0
DA:95,0
DA:96,0
DA:99,0
DA:105,0
DA:106,0
DA:109,0
DA:110,0
DA:113,0
DA:114,0
DA:116,0
DA:117,0
DA:120,0
DA:121,0
DA:130,0
DA:136,0
DA:150,3
DA:154,1
DA:155,1
DA:156,1
DA:159,0
DA:161,0
DA:162,0
DA:163,0
DA:165,0
DA:166,0
DA:169,0
DA:172,0
DA:173,0
DA:175,0
DA:176,0
DA:179,0
DA:180,0
DA:183,0
DA:189,0
DA:202,0
DA:203,0
DA:207,3
DA:208,0
DA:209,0
DA:211,0
DA:212,0
DA:215,0
DA:226,0
DA:227,0
DA:231,3
DA:232,0
DA:235,3
LF:90
LH:34
BRDA:38,0,0,1
BRDA:38,0,1,3
BRDA:44,1,0,3
BRDA:44,1,1,0
BRDA:48,2,0,0
BRDA:48,2,1,0
BRDA:53,3,0,0
BRDA:53,3,1,0
BRDA:85,4,0,2
BRDA:85,4,1,0
BRDA:91,5,0,0
BRDA:91,5,1,0
BRDA:95,6,0,0
BRDA:95,6,1,0
BRDA:105,7,0,0
BRDA:105,7,1,0
BRDA:109,8,0,0
BRDA:109,8,1,0
BRDA:116,9,0,0
BRDA:116,9,1,0
BRDA:116,10,0,0
BRDA:116,10,1,0
BRDA:155,11,0,1
BRDA:155,11,1,0
BRDA:165,12,0,0
BRDA:165,12,1,0
BRDA:169,13,0,0
BRDA:169,13,1,0
BRDA:172,14,0,0
BRDA:172,14,1,0
BRDA:175,15,0,0
BRDA:175,15,1,0
BRDA:179,16,0,0
BRDA:179,16,1,0
BRDA:211,17,0,0
BRDA:211,17,1,0
BRF:36
BRH:5
end_of_record
TN:
SF:routes\drivingSchool.js
FN:8,(anonymous_0)
FN:13,(anonymous_1)
FN:31,(anonymous_2)
FN:61,(anonymous_3)
FN:90,(anonymous_4)
FN:99,(anonymous_5)
FNF:6
FNH:0
FNDA:0,(anonymous_0)
FNDA:0,(anonymous_1)
FNDA:0,(anonymous_2)
FNDA:0,(anonymous_3)
FNDA:0,(anonymous_4)
FNDA:0,(anonymous_5)
DA:1,3
DA:2,3
DA:3,3
DA:4,3
DA:6,3
DA:8,3
DA:9,0
DA:10,0
DA:13,0
DA:24,0
DA:26,0
DA:27,0
DA:31,3
DA:32,0
DA:33,0
DA:34,0
DA:36,0
DA:37,0
DA:41,0
DA:52,0
DA:54,0
DA:55,0
DA:59,3
DA:62,0
DA:63,0
DA:65,0
DA:67,0
DA:69,0
DA:70,0
DA:74,0
DA:83,0
DA:85,0
DA:86,0
DA:90,3
DA:91,0
DA:92,0
DA:93,0
DA:99,0
DA:110,0
DA:112,0
DA:113,0
DA:117,3
LF:42
LH:10
BRDA:20,0,0,0
BRDA:20,0,1,0
BRDA:36,1,0,0
BRDA:36,1,1,0
BRDA:48,2,0,0
BRDA:48,2,1,0
BRDA:69,3,0,0
BRDA:69,3,1,0
BRDA:77,4,0,0
BRDA:77,4,1,0
BRDA:78,5,0,0
BRDA:78,5,1,0
BRDA:79,6,0,0
BRDA:79,6,1,0
BRDA:99,7,0,0
BRDA:99,7,1,0
BRF:16
BRH:0
end_of_record
TN:
SF:routes\forum.js
FN:9,(anonymous_0)
FN:20,(anonymous_1)
FN:42,(anonymous_2)
FN:63,(anonymous_3)
FN:74,(anonymous_4)
FN:109,(anonymous_5)
FN:158,(anonymous_6)
FN:181,(anonymous_7)
FN:229,(anonymous_8)
FN:235,(anonymous_9)
FN:250,(anonymous_10)
FNF:11
FNH:0
FNDA:0,(anonymous_0)
FNDA:0,(anonymous_1)
FNDA:0,(anonymous_2)
FNDA:0,(anonymous_3)
FNDA:0,(anonymous_4)
FNDA:0,(anonymous_5)
FNDA:0,(anonymous_6)
FNDA:0,(anonymous_7)
FNDA:0,(anonymous_8)
FNDA:0,(anonymous_9)
FNDA:0,(anonymous_10)
DA:1,3
DA:2,3
DA:3,3
DA:4,3
DA:5,3
DA:7,3
DA:9,3
DA:10,0
DA:17,0
DA:20,3
DA:21,0
DA:22,0
DA:23,0
DA:24,0
DA:26,0
DA:27,0
DA:28,0
DA:31,0
DA:32,0
DA:33,0
DA:36,0
DA:38,0
DA:39,0
DA:42,0
DA:56,0
DA:58,0
DA:59,0
DA:63,3
DA:64,0
DA:65,0
DA:66,0
DA:68,0
DA:69,0
DA:73,0
DA:74,0
DA:83,0
DA:97,0
DA:99,0
DA:100,0
DA:104,3
DA:110,0
DA:111,0
DA:112,0
DA:115,0
DA:116,0
DA:117,0
DA:120,0
DA:122,0
DA:123,0
DA:127,0
DA:137,0
DA:151,0
DA:153,0
DA:154,0
DA:158,3
DA:159,0
DA:160,0
DA:162,0
DA:164,0
DA:165,0
DA:169,0
DA:171,0
DA:173,0
DA:174,0
DA:178,3
DA:182,0
DA:183,0
DA:184,0
DA:187,0
DA:188,0
DA:189,0
DA:191,0
DA:193,0
DA:195,0
DA:196,0
DA:200,0
DA:202,0
DA:203,0
DA:207,0
DA:214,0
DA:222,0
DA:224,0
DA:225,0
DA:229,3
DA:230,0
DA:231,0
DA:232,0
DA:235,0
DA:250,0
DA:252,0
DA:254,0
DA:255,0
DA:259,3
LF:93
LH:14
BRDA:26,0,0,0
BRDA:26,0,1,0
BRDA:31,1,0,0
BRDA:31,1,1,0
BRDA:39,2,0,0
BRDA:39,2,1,0
BRDA:49,3,0,0
BRDA:49,3,1,0
BRDA:50,4,0,0
BRDA:50,4,1,0
BRDA:68,5,0,0
BRDA:68,5,1,0
BRDA:90,6,0,0
BRDA:90,6,1,0
BRDA:91,7,0,0
BRDA:91,7,1,0
BRDA:111,8,0,0
BRDA:111,8,1,0
BRDA:122,9,0,0
BRDA:122,9,1,0
BRDA:133,10,0,0
BRDA:133,10,1,0
BRDA:144,11,0,0
BRDA:144,11,1,0
BRDA:164,12,0,0
BRDA:164,12,1,0
BRDA:171,13,0,0
BRDA:171,13,1,0
BRDA:183,14,0,0
BRDA:183,14,1,0
BRDA:195,15,0,0
BRDA:195,15,1,0
BRDA:202,16,0,0
BRDA:202,16,1,0
BRDA:242,17,0,0
BRDA:242,17,1,0
BRDA:243,18,0,0
BRDA:243,18,1,0
BRF:38
BRH:0
end_of_record
TN:
SF:routes\secondhand.js
FN:9,(anonymous_0)
FN:29,(anonymous_1)
FN:48,(anonymous_2)
FN:83,(anonymous_3)
FN:122,(anonymous_4)
FN:128,(anonymous_5)
FN:147,(anonymous_6)
FN:152,(anonymous_7)
FN:165,(anonymous_8)
FN:184,(anonymous_9)
FN:204,(anonymous_10)
FNF:11
FNH:0
FNDA:0,(anonymous_0)
FNDA:0,(anonymous_1)
FNDA:0,(anonymous_2)
FNDA:0,(anonymous_3)
FNDA:0,(anonymous_4)
FNDA:0,(anonymous_5)
FNDA:0,(anonymous_6)
FNDA:0,(anonymous_7)
FNDA:0,(anonymous_8)
FNDA:0,(anonymous_9)
FNDA:0,(anonymous_10)
DA:1,3
DA:2,3
DA:3,3
DA:4,3
DA:5,3
DA:7,3
DA:9,3
DA:10,0
DA:11,0
DA:12,0
DA:13,0
DA:15,0
DA:16,0
DA:17,0
DA:20,0
DA:21,0
DA:22,0
DA:25,0
DA:26,0
DA:29,0
DA:41,0
DA:43,0
DA:44,0
DA:48,3
DA:49,0
DA:50,0
DA:51,0
DA:53,0
DA:54,0
DA:58,0
DA:70,0
DA:72,0
DA:73,0
DA:77,3
DA:84,0
DA:85,0
DA:86,0
DA:89,0
DA:90,0
DA:91,0
DA:93,0
DA:103,0
DA:115,0
DA:117,0
DA:118,0
DA:122,3
DA:123,0
DA:124,0
DA:125,0
DA:128,0
DA:140,0
DA:142,0
DA:143,0
DA:147,3
DA:148,0
DA:149,0
DA:151,0
DA:152,0
DA:154,0
DA:155,0
DA:159,0
DA:165,0
DA:177,0
DA:179,0
DA:180,0
DA:184,3
DA:185,0
DA:186,0
DA:188,0
DA:190,0
DA:191,0
DA:192,0
DA:196,0
DA:197,0
DA:199,0
DA:200,0
DA:204,3
DA:205,0
DA:206,0
DA:208,0
DA:210,0
DA:211,0
DA:213,0
DA:214,0
DA:218,3
LF:85
LH:14
BRDA:15,0,0,0
BRDA:15,0,1,0
BRDA:20,1,0,0
BRDA:20,1,1,0
BRDA:26,2,0,0
BRDA:26,2,1,0
BRDA:36,3,0,0
BRDA:36,3,1,0
BRDA:53,4,0,0
BRDA:53,4,1,0
BRDA:65,5,0,0
BRDA:65,5,1,0
BRDA:85,6,0,0
BRDA:85,6,1,0
BRDA:99,7,0,0
BRDA:99,7,1,0
BRDA:110,8,0,0
BRDA:110,8,1,0
BRDA:135,9,0,0
BRDA:135,9,1,0
BRDA:154,10,0,0
BRDA:154,10,1,0
BRDA:172,11,0,0
BRDA:172,11,1,0
BRDA:191,12,0,0
BRDA:191,12,1,0
BRF:26
BRH:0
end_of_record
TN:
SF:routes\snack.js
FN:9,(anonymous_0)
FN:12,(anonymous_1)
FN:20,(anonymous_2)
FN:25,(anonymous_3)
FN:34,(anonymous_4)
FN:53,(anonymous_5)
FN:96,(anonymous_6)
FN:100,(anonymous_7)
FNF:8
FNH:6
FNDA:2,(anonymous_0)
FNDA:3,(anonymous_1)
FNDA:2,(anonymous_2)
FNDA:2,(anonymous_3)
FNDA:2,(anonymous_4)
FNDA:2,(anonymous_5)
FNDA:0,(anonymous_6)
FNDA:0,(anonymous_7)
DA:1,3
DA:2,3
DA:3,3
DA:4,3
DA:5,3
DA:7,3
DA:9,3
DA:10,2
DA:11,2
DA:12,3
DA:13,1
DA:15,1
DA:16,1
DA:20,3
DA:21,2
DA:22,2
DA:23,2
DA:24,2
DA:25,2
DA:27,2
DA:29,0
DA:30,0
DA:34,3
DA:35,2
DA:36,2
DA:37,2
DA:38,2
DA:39,1
DA:41,1
DA:43,0
DA:44,0
DA:48,3
DA:54,2
DA:55,2
DA:56,0
DA:59,2
DA:60,2
DA:62,2
DA:63,2
DA:65,2
DA:66,1
DA:67,1
DA:68,1
DA:70,0
DA:71,0
DA:80,1
DA:81,1
DA:89,1
DA:91,0
DA:92,0
DA:96,3
DA:97,0
DA:98,0
DA:99,0
DA:100,0
DA:107,0
DA:109,0
DA:110,0
DA:114,3
LF:59
LH:43
BRDA:24,0,0,1
BRDA:24,0,1,1
BRDA:38,1,0,1
BRDA:38,1,1,1
BRDA:55,2,0,0
BRDA:55,2,1,2
BRDA:67,3,0,1
BRDA:67,3,1,0
BRDA:86,4,0,1
BRDA:86,4,1,1
BRDA:104,5,0,0
BRDA:104,5,1,0
BRDA:104,6,0,0
BRDA:104,6,1,0
BRF:14
BRH:8
end_of_record
TN:
SF:routes\studyMaterial.js
FN:9,(anonymous_0)
FN:33,(anonymous_1)
FN:56,(anonymous_2)
FN:96,(anonymous_3)
FN:150,(anonymous_4)
FN:156,(anonymous_5)
FN:179,(anonymous_6)
FNF:7
FNH:0
FNDA:0,(anonymous_0)
FNDA:0,(anonymous_1)
FNDA:0,(anonymous_2)
FNDA:0,(anonymous_3)
FNDA:0,(anonymous_4)
FNDA:0,(anonymous_5)
FNDA:0,(anonymous_6)
DA:1,3
DA:2,3
DA:3,3
DA:4,3
DA:5,3
DA:7,3
DA:9,3
DA:10,0
DA:11,0
DA:12,0
DA:13,0
DA:15,0
DA:16,0
DA:17,0
DA:20,0
DA:21,0
DA:22,0
DA:25,0
DA:26,0
DA:27,0
DA:30,0
DA:33,0
DA:49,0
DA:51,0
DA:52,0
DA:56,3
DA:57,0
DA:58,0
DA:59,0
DA:61,0
DA:62,0
DA:66,0
DA:82,0
DA:84,0
DA:85,0
DA:89,3
DA:97,0
DA:98,0
DA:99,0
DA:102,0
DA:103,0
DA:104,0
DA:107,0
DA:109,0
DA:110,0
DA:114,0
DA:127,0
DA:143,0
DA:145,0
DA:146,0
DA:150,3
DA:151,0
DA:152,0
DA:153,0
DA:156,0
DA:172,0
DA:174,0
DA:175,0
DA:179,3
DA:180,0
DA:181,0
DA:183,0
DA:185,0
DA:186,0
DA:190,0
DA:192,0
DA:194,0
DA:195,0
DA:199,3
LF:69
LH:12
BRDA:15,0,0,0
BRDA:15,0,1,0
BRDA:20,1,0,0
BRDA:20,1,1,0
BRDA:25,2,0,0
BRDA:25,2,1,0
BRDA:61,3,0,0
BRDA:61,3,1,0
BRDA:98,4,0,0
BRDA:98,4,1,0
BRDA:109,5,0,0
BRDA:109,5,1,0
BRDA:119,6,0,0
BRDA:119,6,1,0
BRDA:120,7,0,0
BRDA:120,7,1,0
BRDA:133,8,0,0
BRDA:133,8,1,0
BRDA:134,9,0,0
BRDA:134,9,1,0
BRDA:185,10,0,0
BRDA:185,10,1,0
BRDA:192,11,0,0
BRDA:192,11,1,0
BRF:24
BRH:0
end_of_record
TN:
SF:routes\supermarket.js
FN:9,(anonymous_0)
FN:12,(anonymous_1)
FN:20,(anonymous_2)
FN:27,(anonymous_3)
FN:29,(anonymous_4)
FN:36,(anonymous_5)
FN:54,(anonymous_6)
FN:76,(anonymous_7)
FN:90,(anonymous_8)
FN:94,(anonymous_9)
FN:103,(anonymous_10)
FN:115,(anonymous_11)
FN:128,(anonymous_12)
FN:135,(anonymous_13)
FN:142,(anonymous_14)
FN:149,(anonymous_15)
FN:159,(anonymous_16)
FN:171,(anonymous_17)
FN:178,(anonymous_18)
FN:189,(anonymous_19)
FN:203,(anonymous_20)
FN:210,(anonymous_21)
FN:243,(anonymous_22)
FN:247,(anonymous_23)
FN:261,(anonymous_24)
FNF:25
FNH:0
FNDA:0,(anonymous_0)
FNDA:0,(anonymous_1)
FNDA:0,(anonymous_2)
FNDA:0,(anonymous_3)
FNDA:0,(anonymous_4)
FNDA:0,(anonymous_5)
FNDA:0,(anonymous_6)
FNDA:0,(anonymous_7)
FNDA:0,(anonymous_8)
FNDA:0,(anonymous_9)
FNDA:0,(anonymous_10)
FNDA:0,(anonymous_11)
FNDA:0,(anonymous_12)
FNDA:0,(anonymous_13)
FNDA:0,(anonymous_14)
FNDA:0,(anonymous_15)
FNDA:0,(anonymous_16)
FNDA:0,(anonymous_17)
FNDA:0,(anonymous_18)
FNDA:0,(anonymous_19)
FNDA:0,(anonymous_20)
FNDA:0,(anonymous_21)
FNDA:0,(anonymous_22)
FNDA:0,(anonymous_23)
FNDA:0,(anonymous_24)
DA:1,3
DA:2,3
DA:3,3
DA:4,3
DA:5,3
DA:7,3
DA:9,3
DA:10,0
DA:11,0
DA:12,0
DA:13,0
DA:15,0
DA:16,0
DA:20,3
DA:21,0
DA:22,0
DA:23,0
DA:24,0
DA:25,0
DA:26,0
DA:27,0
DA:29,0
DA:31,0
DA:32,0
DA:36,3
DA:37,0
DA:38,0
DA:39,0
DA:40,0
DA:41,0
DA:43,0
DA:45,0
DA:46,0
DA:50,3
DA:55,0
DA:56,0
DA:57,0
DA:60,0
DA:61,0
DA:63,0
DA:64,0
DA:65,0
DA:66,0
DA:68,0
DA:69,0
DA:71,0
DA:72,0
DA:74,0
DA:75,0
DA:76,0
DA:77,0
DA:78,0
DA:79,0
DA:80,0
DA:81,0
DA:83,0
DA:85,0
DA:86,0
DA:90,3
DA:91,0
DA:92,0
DA:93,0
DA:94,0
DA:103,0
DA:104,0
DA:106,0
DA:107,0
DA:111,3
DA:116,0
DA:117,0
DA:118,0
DA:121,0
DA:122,0
DA:124,0
DA:125,0
DA:126,0
DA:127,0
DA:128,0
DA:135,0
DA:137,0
DA:138,0
DA:139,0
DA:140,0
DA:141,0
DA:142,0
DA:149,0
DA:151,0
DA:152,0
DA:156,3
DA:160,0
DA:161,0
DA:162,0
DA:165,0
DA:166,0
DA:168,0
DA:169,0
DA:170,0
DA:171,0
DA:178,0
DA:180,0
DA:181,0
DA:185,3
DA:190,0
DA:191,0
DA:192,0
DA:195,0
DA:196,0
DA:198,0
DA:199,0
DA:200,0
DA:201,0
DA:203,0
DA:210,0
DA:212,0
DA:213,0
DA:214,0
DA:215,0
DA:219,0
DA:230,0
DA:231,0
DA:232,0
DA:234,0
DA:236,0
DA:238,0
DA:239,0
DA:243,3
DA:244,0
DA:245,0
DA:246,0
DA:247,0
DA:254,0
DA:256,0
DA:257,0
DA:261,3
DA:262,0
DA:263,0
DA:264,0
DA:265,0
DA:266,0
DA:267,0
DA:269,0
DA:277,0
DA:278,0
DA:282,3
LF:144
LH:17
BRDA:24,0,0,0
BRDA:24,0,1,0
BRDA:26,1,0,0
BRDA:26,1,1,0
BRDA:27,2,0,0
BRDA:27,2,1,0
BRDA:40,3,0,0
BRDA:40,3,1,0
BRDA:56,4,0,0
BRDA:56,4,1,0
BRDA:65,5,0,0
BRDA:65,5,1,0
BRDA:68,6,0,0
BRDA:68,6,1,0
BRDA:74,7,0,0
BRDA:74,7,1,0
BRDA:77,8,0,0
BRDA:77,8,1,0
BRDA:79,9,0,0
BRDA:79,9,1,0
BRDA:80,10,0,0
BRDA:80,10,1,0
BRDA:117,11,0,0
BRDA:117,11,1,0
BRDA:125,12,0,0
BRDA:125,12,1,0
BRDA:138,13,0,0
BRDA:138,13,1,0
BRDA:139,14,0,0
BRDA:139,14,1,0
BRDA:161,15,0,0
BRDA:161,15,1,0
BRDA:191,16,0,0
BRDA:191,16,1,0
BRDA:200,17,0,0
BRDA:200,17,1,0
BRDA:200,18,0,0
BRDA:200,18,1,0
BRDA:214,19,0,0
BRDA:214,19,1,0
BRDA:226,20,0,0
BRDA:226,20,1,0
BRDA:251,21,0,0
BRDA:251,21,1,0
BRDA:251,22,0,0
BRDA:251,22,1,0
BRDA:266,23,0,0
BRDA:266,23,1,0
BRDA:266,24,0,0
BRDA:266,24,1,0
BRDA:273,25,0,0
BRDA:273,25,1,0
BRDA:273,26,0,0
BRDA:273,26,1,0
BRF:54
BRH:0
end_of_record
TN:
SF:routes\tutor.js
FN:9,(anonymous_0)
FN:13,(anonymous_1)
FN:14,(anonymous_2)
FN:15,(anonymous_3)
FN:16,(anonymous_4)
FN:17,(anonymous_5)
FN:25,(anonymous_6)
FN:46,(anonymous_7)
FN:76,(anonymous_8)
FN:80,(anonymous_9)
FNF:10
FNH:0
FNDA:0,(anonymous_0)
FNDA:0,(anonymous_1)
FNDA:0,(anonymous_2)
FNDA:0,(anonymous_3)
FNDA:0,(anonymous_4)
FNDA:0,(anonymous_5)
FNDA:0,(anonymous_6)
FNDA:0,(anonymous_7)
FNDA:0,(anonymous_8)
FNDA:0,(anonymous_9)
DA:1,3
DA:2,3
DA:3,3
DA:4,3
DA:5,3
DA:7,3
DA:9,3
DA:10,0
DA:11,0
DA:12,0
DA:13,0
DA:14,0
DA:15,0
DA:16,0
DA:17,0
DA:18,0
DA:20,0
DA:21,0
DA:25,3
DA:26,0
DA:27,0
DA:28,0
DA:29,0
DA:30,0
DA:32,0
DA:34,0
DA:35,0
DA:39,3
DA:47,0
DA:48,0
DA:49,0
DA:52,0
DA:53,0
DA:55,0
DA:56,0
DA:57,0
DA:58,0
DA:68,0
DA:69,0
DA:71,0
DA:72,0
DA:76,3
DA:77,0
DA:78,0
DA:79,0
DA:80,0
DA:82,0
DA:83,0
DA:87,3
LF:49
LH:11
BRDA:13,0,0,0
BRDA:13,0,1,0
BRDA:13,1,0,0
BRDA:13,1,1,0
BRDA:14,2,0,0
BRDA:14,2,1,0
BRDA:15,3,0,0
BRDA:15,3,1,0
BRDA:16,4,0,0
BRDA:16,4,1,0
BRDA:29,5,0,0
BRDA:29,5,1,0
BRDA:48,6,0,0
BRDA:48,6,1,0
BRDA:57,7,0,0
BRDA:57,7,1,0
BRF:16
BRH:0
end_of_record
TN:
SF:utils\logger.js
FN:5,(anonymous_0)
FN:14,(anonymous_1)
FN:20,(anonymous_2)
FN:25,(anonymous_3)
FN:30,(anonymous_4)
FN:35,(anonymous_5)
FN:59,(anonymous_6)
FN:68,(anonymous_7)
FN:74,(anonymous_8)
FN:80,(anonymous_9)
FN:87,(anonymous_10)
FN:95,(anonymous_11)
FN:98,(anonymous_12)
FN:121,(anonymous_13)
FN:131,(anonymous_14)
FN:136,(anonymous_15)
FNF:16
FNH:12
FNDA:3,(anonymous_0)
FNDA:3,(anonymous_1)
FNDA:43,(anonymous_2)
FNDA:28,(anonymous_3)
FNDA:28,(anonymous_4)
FNDA:40,(anonymous_5)
FNDA:40,(anonymous_6)
FNDA:6,(anonymous_7)
FNDA:10,(anonymous_8)
FNDA:12,(anonymous_9)
FNDA:0,(anonymous_10)
FNDA:17,(anonymous_11)
FNDA:17,(anonymous_12)
FNDA:0,(anonymous_13)
FNDA:0,(anonymous_14)
FNDA:0,(anonymous_15)
DA:1,3
DA:2,3
DA:6,3
DA:7,3
DA:8,3
DA:9,3
DA:10,3
DA:11,3
DA:15,3
DA:16,0
DA:21,43
DA:22,43
DA:26,28
DA:27,28
DA:31,28
DA:32,28
DA:36,40
DA:37,40
DA:40,40
DA:41,40
DA:42,40
DA:43,40
DA:44,0
DA:45,0
DA:50,0
DA:53,40
DA:55,0
DA:60,40
DA:61,40
DA:62,0
DA:63,0
DA:64,0
DA:69,6
DA:70,6
DA:71,6
DA:75,10
DA:76,10
DA:77,10
DA:81,12
DA:82,12
DA:83,12
DA:84,12
DA:88,0
DA:89,0
DA:90,0
DA:92,0
DA:96,17
DA:98,17
DA:99,17
DA:100,17
DA:109,17
DA:110,1
DA:111,16
DA:112,10
DA:114,6
DA:118,17
DA:122,0
DA:128,0
DA:132,0
DA:133,0
DA:134,0
DA:136,0
DA:137,0
DA:138,0
DA:139,0
DA:141,0
DA:142,0
DA:143,0
DA:147,0
DA:152,3
LF:70
LH:45
BRDA:15,0,0,0
BRDA:15,0,1,3
BRDA:30,1,0,0
BRDA:31,2,0,28
BRDA:31,2,1,0
BRDA:41,3,0,40
BRDA:41,3,1,0
BRDA:43,4,0,0
BRDA:43,4,1,40
BRDA:50,5,0,0
BRDA:50,5,1,0
BRDA:55,6,0,0
BRDA:55,6,1,0
BRDA:61,7,0,0
BRDA:61,7,1,40
BRDA:68,8,0,0
BRDA:74,9,0,0
BRDA:80,10,0,0
BRDA:87,11,0,0
BRDA:89,12,0,0
BRDA:89,12,1,0
BRDA:105,13,0,17
BRDA:105,13,1,0
BRDA:109,14,0,1
BRDA:109,14,1,16
BRDA:111,15,0,10
BRDA:111,15,1,6
BRDA:121,16,0,0
BRDA:131,17,0,0
BRDA:141,18,0,0
BRDA:141,18,1,0
BRF:31
BRH:10
end_of_record
TN:
SF:utils\monitor.js
FN:5,(anonymous_0)
FN:36,(anonymous_1)
FN:41,(anonymous_2)
FN:50,(anonymous_3)
FN:58,(anonymous_4)
FN:105,(anonymous_5)
FN:164,(anonymous_6)
FN:171,(anonymous_7)
FN:180,(anonymous_8)
FN:198,(anonymous_9)
FN:212,(anonymous_10)
FN:232,(anonymous_11)
FN:237,(anonymous_12)
FN:245,(anonymous_13)
FN:249,(anonymous_14)
FN:253,(anonymous_15)
FN:280,(anonymous_16)
FNF:17
FNH:4
FNDA:3,(anonymous_0)
FNDA:0,(anonymous_1)
FNDA:0,(anonymous_2)
FNDA:0,(anonymous_3)
FNDA:0,(anonymous_4)
FNDA:0,(anonymous_5)
FNDA:0,(anonymous_6)
FNDA:0,(anonymous_7)
FNDA:11,(anonymous_8)
FNDA:0,(anonymous_9)
FNDA:17,(anonymous_10)
FNDA:67,(anonymous_11)
FNDA:0,(anonymous_12)
FNDA:0,(anonymous_13)
FNDA:0,(anonymous_14)
FNDA:0,(anonymous_15)
FNDA:0,(anonymous_16)
DA:1,3
DA:2,3
DA:6,3
DA:25,3
DA:32,3
DA:33,3
DA:37,0
DA:38,0
DA:41,0
DA:42,0
DA:43,0
DA:44,0
DA:47,0
DA:51,0
DA:52,0
DA:53,0
DA:54,0
DA:59,0
DA:60,0
DA:61,0
DA:63,0
DA:72,0
DA:73,0
DA:74,0
DA:76,0
DA:77,0
DA:78,0
DA:81,0
DA:82,0
DA:84,0
DA:88,0
DA:102,0
DA:106,0
DA:107,0
DA:109,0
DA:110,0
DA:118,0
DA:119,0
DA:127,0
DA:128,0
DA:136,0
DA:137,0
DA:145,0
DA:146,0
DA:154,0
DA:155,0
DA:163,0
DA:164,0
DA:165,0
DA:166,0
DA:172,0
DA:173,0
DA:175,0
DA:176,0
DA:181,11
DA:189,11
DA:191,11
DA:192,0
DA:195,11
DA:199,0
DA:200,0
DA:203,0
DA:204,0
DA:207,0
DA:208,0
DA:213,17
DA:215,17
DA:217,17
DA:218,6
DA:220,11
DA:221,11
DA:222,11
DA:226,17
DA:228,17
DA:229,0
DA:232,67
DA:234,17
DA:238,0
DA:246,0
DA:250,0
DA:254,0
DA:256,0
DA:281,0
DA:300,0
DA:301,0
DA:305,3
LF:86
LH:22
BRDA:36,0,0,0
BRDA:37,1,0,0
BRDA:37,1,1,0
BRDA:51,2,0,0
BRDA:51,2,1,0
BRDA:64,3,0,0
BRDA:64,3,1,0
BRDA:65,4,0,0
BRDA:65,4,1,0
BRDA:66,5,0,0
BRDA:66,5,1,0
BRDA:67,6,0,0
BRDA:67,6,1,0
BRDA:68,7,0,0
BRDA:68,7,1,0
BRDA:69,8,0,0
BRDA:69,8,1,0
BRDA:76,9,0,0
BRDA:76,9,1,0
BRDA:81,10,0,0
BRDA:81,10,1,0
BRDA:109,11,0,0
BRDA:109,11,1,0
BRDA:109,12,0,0
BRDA:109,12,1,0
BRDA:118,13,0,0
BRDA:118,13,1,0
BRDA:127,14,0,0
BRDA:127,14,1,0
BRDA:127,15,0,0
BRDA:127,15,1,0
BRDA:136,16,0,0
BRDA:136,16,1,0
BRDA:145,17,0,0
BRDA:145,17,1,0
BRDA:154,18,0,0
BRDA:154,18,1,0
BRDA:154,19,0,0
BRDA:154,19,1,0
BRDA:163,20,0,0
BRDA:163,20,1,0
BRDA:175,21,0,0
BRDA:175,21,1,0
BRDA:180,22,0,0
BRDA:191,23,0,0
BRDA:191,23,1,11
BRDA:199,24,0,0
BRDA:199,24,1,0
BRDA:203,25,0,0
BRDA:203,25,1,0
BRDA:207,26,0,0
BRDA:207,26,1,0
BRDA:212,27,0,0
BRDA:212,28,0,0
BRDA:217,29,0,6
BRDA:217,29,1,11
BRDA:221,30,0,11
BRDA:221,30,1,0
BRDA:228,31,0,0
BRDA:228,31,1,17
BRDA:245,32,0,0
BRDA:249,33,0,0
BRDA:260,34,0,0
BRDA:260,34,1,0
BRDA:265,35,0,0
BRDA:265,35,1,0
BRDA:270,36,0,0
BRDA:270,36,1,0
BRDA:271,37,0,0
BRDA:271,37,1,0
BRF:70
BRH:5
end_of_record
